TN:
SF:src\contexts\AuthContext.tsx
FN:28,AuthProvider
FN:38,(anonymous_1)
FN:39,(anonymous_2)
FN:58,(anonymous_3)
FN:67,(anonymous_4)
FN:81,(anonymous_5)
FN:95,(anonymous_6)
FN:104,(anonymous_7)
FN:107,(anonymous_8)
FN:108,(anonymous_9)
FN:111,(anonymous_10)
FN:112,(anonymous_11)
FN:131,(anonymous_12)
FN:140,(anonymous_13)
FN:143,(anonymous_14)
FN:147,(anonymous_15)
FN:148,(anonymous_16)
FN:165,(anonymous_17)
FN:174,(anonymous_18)
FN:177,(anonymous_19)
FN:181,(anonymous_20)
FN:182,(anonymous_21)
FN:190,(anonymous_22)
FN:193,(anonymous_23)
FN:197,(anonymous_24)
FN:198,(anonymous_25)
FN:203,(anonymous_26)
FN:206,(anonymous_27)
FN:222,useAuth
FNF:29
FNH:0
FNDA:0,AuthProvider
FNDA:0,(anonymous_1)
FNDA:0,(anonymous_2)
FNDA:0,(anonymous_3)
FNDA:0,(anonymous_4)
FNDA:0,(anonymous_5)
FNDA:0,(anonymous_6)
FNDA:0,(anonymous_7)
FNDA:0,(anonymous_8)
FNDA:0,(anonymous_9)
FNDA:0,(anonymous_10)
FNDA:0,(anonymous_11)
FNDA:0,(anonymous_12)
FNDA:0,(anonymous_13)
FNDA:0,(anonymous_14)
FNDA:0,(anonymous_15)
FNDA:0,(anonymous_16)
FNDA:0,(anonymous_17)
FNDA:0,(anonymous_18)
FNDA:0,(anonymous_19)
FNDA:0,(anonymous_20)
FNDA:0,(anonymous_21)
FNDA:0,(anonymous_22)
FNDA:0,(anonymous_23)
FNDA:0,(anonymous_24)
FNDA:0,(anonymous_25)
FNDA:0,(anonymous_26)
FNDA:0,(anonymous_27)
FNDA:0,useAuth
DA:26,0
DA:29,0
DA:30,0
DA:38,0
DA:39,0
DA:40,0
DA:44,0
DA:47,0
DA:48,0
DA:49,0
DA:51,0
DA:56,0
DA:58,0
DA:67,0
DA:76,0
DA:81,0
DA:82,0
DA:84,0
DA:85,0
DA:87,0
DA:90,0
DA:93,0
DA:95,0
DA:104,0
DA:107,0
DA:108,0
DA:111,0
DA:112,0
DA:113,0
DA:114,0
DA:118,0
DA:120,0
DA:121,0
DA:122,0
DA:127,0
DA:130,0
DA:131,0
DA:140,0
DA:141,0
DA:143,0
DA:147,0
DA:148,0
DA:149,0
DA:150,0
DA:154,0
DA:156,0
DA:157,0
DA:158,0
DA:159,0
DA:161,0
DA:164,0
DA:165,0
DA:174,0
DA:175,0
DA:177,0
DA:181,0
DA:182,0
DA:183,0
DA:185,0
DA:187,0
DA:188,0
DA:190,0
DA:191,0
DA:193,0
DA:197,0
DA:198,0
DA:199,0
DA:200,0
DA:201,0
DA:203,0
DA:204,0
DA:206,0
DA:210,0
DA:219,0
DA:223,0
DA:224,0
DA:225,0
DA:227,0
LF:78
LH:0
BRDA:47,0,0,0
BRDA:47,0,1,0
BRDA:47,1,0,0
BRDA:47,1,1,0
BRDA:56,2,0,0
BRDA:56,2,1,0
BRDA:60,3,0,0
BRDA:60,3,1,0
BRDA:61,4,0,0
BRDA:61,4,1,0
BRDA:61,4,2,0
BRDA:64,5,0,0
BRDA:64,5,1,0
BRDA:84,6,0,0
BRDA:84,6,1,0
BRDA:84,7,0,0
BRDA:84,7,1,0
BRDA:93,8,0,0
BRDA:93,8,1,0
BRDA:98,9,0,0
BRDA:98,9,1,0
BRDA:118,10,0,0
BRDA:118,10,1,0
BRDA:120,11,0,0
BRDA:120,11,1,0
BRDA:120,12,0,0
BRDA:120,12,1,0
BRDA:154,13,0,0
BRDA:154,13,1,0
BRDA:157,14,0,0
BRDA:157,14,1,0
BRDA:157,15,0,0
BRDA:157,15,1,0
BRDA:185,16,0,0
BRDA:185,16,1,0
BRDA:185,17,0,0
BRDA:185,17,1,0
BRDA:188,18,0,0
BRDA:188,18,1,0
BRDA:201,19,0,0
BRDA:201,19,1,0
BRDA:224,20,0,0
BRDA:224,20,1,0
BRF:43
BRH:0
end_of_record
TN:
SF:src\contexts\DatabaseContext.tsx
FN:17,useDatabase
FN:30,DatabaseProvider
FN:43,MobileDatabaseProvider
FN:52,(anonymous_3)
FN:55,loadSQLite
FN:59,(anonymous_5)
FN:60,(anonymous_6)
FN:66,(anonymous_7)
FN:79,(anonymous_8)
FN:105,(anonymous_9)
FN:127,WebDatabaseProvider
FN:131,(anonymous_11)
FN:132,setupAdapter
FNF:13
FNH:0
FNDA:0,useDatabase
FNDA:0,DatabaseProvider
FNDA:0,MobileDatabaseProvider
FNDA:0,(anonymous_3)
FNDA:0,loadSQLite
FNDA:0,(anonymous_5)
FNDA:0,(anonymous_6)
FNDA:0,(anonymous_7)
FNDA:0,(anonymous_8)
FNDA:0,(anonymous_9)
FNDA:0,WebDatabaseProvider
FNDA:0,(anonymous_11)
FNDA:0,setupAdapter
DA:12,0
DA:18,0
DA:31,0
DA:32,0
DA:36,0
DA:44,0
DA:45,0
DA:46,0
DA:52,0
DA:53,0
DA:56,0
DA:58,0
DA:59,0
DA:60,0
DA:63,0
DA:65,0
DA:66,0
DA:67,0
DA:70,0
DA:71,0
DA:72,0
DA:77,0
DA:79,0
DA:80,0
DA:85,0
DA:86,0
DA:88,0
DA:96,0
DA:97,0
DA:100,0
DA:102,0
DA:106,0
DA:107,0
DA:108,0
DA:109,0
DA:110,0
DA:112,0
DA:113,0
DA:128,0
DA:129,0
DA:131,0
DA:133,0
DA:134,0
DA:135,0
DA:136,0
DA:137,0
DA:138,0
DA:139,0
DA:141,0
DA:142,0
DA:144,0
DA:147,0
DA:150,0
DA:151,0
DA:154,0
LF:55
LH:0
BRDA:31,0,0,0
BRDA:31,0,1,0
BRDA:65,1,0,0
BRDA:65,1,1,0
BRDA:71,2,0,0
BRDA:71,2,1,0
BRDA:72,3,0,0
BRDA:72,3,1,0
BRDA:85,4,0,0
BRDA:85,4,1,0
BRDA:96,5,0,0
BRDA:96,5,1,0
BRDA:113,6,0,0
BRDA:113,6,1,0
BRDA:150,7,0,0
BRDA:150,7,1,0
BRF:16
BRH:0
end_of_record
TN:
SF:src\contexts\NotificationContext.tsx
FN:39,NotificationProvider
FN:49,(anonymous_1)
FN:64,(anonymous_2)
FN:86,(anonymous_3)
FN:98,(anonymous_4)
FN:116,(anonymous_5)
FN:134,(anonymous_6)
FN:149,(anonymous_7)
FN:156,handleInitialNotification
FN:159,(anonymous_9)
FN:181,(anonymous_10)
FN:202,useNotifications
FNF:12
FNH:0
FNDA:0,NotificationProvider
FNDA:0,(anonymous_1)
FNDA:0,(anonymous_2)
FNDA:0,(anonymous_3)
FNDA:0,(anonymous_4)
FNDA:0,(anonymous_5)
FNDA:0,(anonymous_6)
FNDA:0,(anonymous_7)
FNDA:0,handleInitialNotification
FNDA:0,(anonymous_9)
FNDA:0,(anonymous_10)
FNDA:0,useNotifications
DA:37,0
DA:41,0
DA:42,0
DA:43,0
DA:44,0
DA:49,0
DA:50,0
DA:51,0
DA:52,0
DA:53,0
DA:55,0
DA:57,0
DA:64,0
DA:65,0
DA:66,0
DA:67,0
DA:68,0
DA:70,0
DA:71,0
DA:74,0
DA:76,0
DA:77,0
DA:79,0
DA:86,0
DA:87,0
DA:98,0
DA:99,0
DA:101,0
DA:108,0
DA:109,0
DA:116,0
DA:117,0
DA:119,0
DA:122,0
DA:127,0
DA:134,0
DA:135,0
DA:137,0
DA:138,0
DA:139,0
DA:142,0
DA:149,0
DA:150,0
DA:151,0
DA:154,0
DA:157,0
DA:159,0
DA:161,0
DA:163,0
DA:165,0
DA:166,0
DA:170,0
DA:171,0
DA:172,0
DA:175,0
DA:179,0
DA:181,0
DA:182,0
DA:186,0
DA:196,0
DA:203,0
DA:204,0
DA:205,0
DA:207,0
LF:64
LH:0
BRDA:70,0,0,0
BRDA:70,0,1,0
BRDA:117,1,0,0
BRDA:117,1,1,0
BRDA:135,2,0,0
BRDA:135,2,1,0
BRDA:150,3,0,0
BRDA:150,3,1,0
BRDA:161,4,0,0
BRDA:161,4,1,0
BRDA:165,5,0,0
BRDA:165,5,1,0
BRDA:204,6,0,0
BRDA:204,6,1,0
BRF:14
BRH:0
end_of_record
TN:
SF:src\contexts\SyncContext.tsx
FN:27,SyncProvider
FN:33,(anonymous_1)
FN:46,(anonymous_2)
FN:49,(anonymous_3)
FN:52,(anonymous_4)
FN:66,(anonymous_5)
FN:75,(anonymous_6)
FN:82,(anonymous_7)
FN:91,(anonymous_8)
FN:104,(anonymous_9)
FN:116,(anonymous_10)
FN:128,(anonymous_11)
FN:140,(anonymous_12)
FN:150,(anonymous_13)
FN:154,(anonymous_14)
FN:155,(anonymous_15)
FN:162,(anonymous_16)
FN:168,(anonymous_17)
FN:171,(anonymous_18)
FN:173,(anonymous_19)
FN:180,(anonymous_20)
FN:182,(anonymous_21)
FN:188,(anonymous_22)
FN:194,(anonymous_23)
FN:212,(anonymous_24)
FN:223,(anonymous_25)
FN:230,(anonymous_26)
FN:238,(anonymous_27)
FN:245,(anonymous_28)
FN:257,(anonymous_29)
FN:262,(anonymous_30)
FN:271,(anonymous_31)
FN:276,(anonymous_32)
FN:283,(anonymous_33)
FN:296,useSync
FNF:35
FNH:0
FNDA:0,SyncProvider
FNDA:0,(anonymous_1)
FNDA:0,(anonymous_2)
FNDA:0,(anonymous_3)
FNDA:0,(anonymous_4)
FNDA:0,(anonymous_5)
FNDA:0,(anonymous_6)
FNDA:0,(anonymous_7)
FNDA:0,(anonymous_8)
FNDA:0,(anonymous_9)
FNDA:0,(anonymous_10)
FNDA:0,(anonymous_11)
FNDA:0,(anonymous_12)
FNDA:0,(anonymous_13)
FNDA:0,(anonymous_14)
FNDA:0,(anonymous_15)
FNDA:0,(anonymous_16)
FNDA:0,(anonymous_17)
FNDA:0,(anonymous_18)
FNDA:0,(anonymous_19)
FNDA:0,(anonymous_20)
FNDA:0,(anonymous_21)
FNDA:0,(anonymous_22)
FNDA:0,(anonymous_23)
FNDA:0,(anonymous_24)
FNDA:0,(anonymous_25)
FNDA:0,(anonymous_26)
FNDA:0,(anonymous_27)
FNDA:0,(anonymous_28)
FNDA:0,(anonymous_29)
FNDA:0,(anonymous_30)
FNDA:0,(anonymous_31)
FNDA:0,(anonymous_32)
FNDA:0,(anonymous_33)
FNDA:0,useSync
DA:23,0
DA:25,0
DA:28,0
DA:29,0
DA:30,0
DA:31,0
DA:32,0
DA:33,0
DA:34,0
DA:35,0
DA:37,0
DA:46,0
DA:47,0
DA:49,0
DA:50,0
DA:52,0
DA:53,0
DA:54,0
DA:56,0
DA:57,0
DA:60,0
DA:62,0
DA:63,0
DA:64,0
DA:66,0
DA:67,0
DA:75,0
DA:76,0
DA:78,0
DA:79,0
DA:82,0
DA:84,0
DA:91,0
DA:92,0
DA:93,0
DA:94,0
DA:97,0
DA:98,0
DA:99,0
DA:102,0
DA:103,0
DA:104,0
DA:108,0
DA:111,0
DA:112,0
DA:113,0
DA:116,0
DA:117,0
DA:119,0
DA:120,0
DA:121,0
DA:123,0
DA:128,0
DA:134,0
DA:137,0
DA:139,0
DA:140,0
DA:145,0
DA:150,0
DA:151,0
DA:154,0
DA:155,0
DA:162,0
DA:164,0
DA:166,0
DA:167,0
DA:168,0
DA:171,0
DA:172,0
DA:173,0
DA:174,0
DA:175,0
DA:176,0
DA:180,0
DA:181,0
DA:182,0
DA:185,0
DA:186,0
DA:188,0
DA:189,0
DA:190,0
DA:194,0
DA:195,0
DA:196,0
DA:197,0
DA:200,0
DA:201,0
DA:204,0
DA:205,0
DA:207,0
DA:212,0
DA:213,0
DA:217,0
DA:218,0
DA:219,0
DA:223,0
DA:230,0
DA:231,0
DA:234,0
DA:238,0
DA:239,0
DA:240,0
DA:241,0
DA:245,0
DA:246,0
DA:247,0
DA:248,0
DA:257,0
DA:258,0
DA:260,0
DA:262,0
DA:263,0
DA:264,0
DA:265,0
DA:269,0
DA:271,0
DA:272,0
DA:276,0
DA:277,0
DA:278,0
DA:279,0
DA:283,0
DA:287,0
DA:293,0
DA:297,0
DA:298,0
DA:299,0
DA:301,0
LF:128
LH:0
BRDA:54,0,0,0
BRDA:54,0,1,0
BRDA:56,1,0,0
BRDA:56,1,1,0
BRDA:56,2,0,0
BRDA:56,2,1,0
BRDA:62,3,0,0
BRDA:62,3,1,0
BRDA:62,4,0,0
BRDA:62,4,1,0
BRDA:62,4,2,0
BRDA:62,4,3,0
BRDA:76,5,0,0
BRDA:76,5,1,0
BRDA:76,6,0,0
BRDA:76,6,1,0
BRDA:76,6,2,0
BRDA:82,7,0,0
BRDA:82,7,1,0
BRDA:92,8,0,0
BRDA:92,8,1,0
BRDA:97,9,0,0
BRDA:97,9,1,0
BRDA:97,10,0,0
BRDA:97,10,1,0
BRDA:102,11,0,0
BRDA:102,11,1,0
BRDA:111,12,0,0
BRDA:111,12,1,0
BRDA:132,13,0,0
BRDA:132,13,1,0
BRDA:143,14,0,0
BRDA:143,14,1,0
BRDA:164,15,0,0
BRDA:164,15,1,0
BRDA:166,16,0,0
BRDA:166,16,1,0
BRDA:174,17,0,0
BRDA:174,17,1,0
BRDA:197,18,0,0
BRDA:197,18,1,0
BRDA:200,19,0,0
BRDA:200,19,1,0
BRDA:213,20,0,0
BRDA:213,20,1,0
BRDA:217,21,0,0
BRDA:217,21,1,0
BRDA:217,22,0,0
BRDA:217,22,1,0
BRDA:217,22,2,0
BRDA:231,23,0,0
BRDA:231,23,1,0
BRDA:231,24,0,0
BRDA:231,24,1,0
BRDA:231,24,2,0
BRDA:239,25,0,0
BRDA:239,25,1,0
BRDA:239,26,0,0
BRDA:239,26,1,0
BRDA:246,27,0,0
BRDA:246,27,1,0
BRDA:258,28,0,0
BRDA:258,28,1,0
BRDA:260,29,0,0
BRDA:260,29,1,0
BRDA:263,30,0,0
BRDA:263,30,1,0
BRDA:263,31,0,0
BRDA:263,31,1,0
BRDA:263,31,2,0
BRDA:277,32,0,0
BRDA:277,32,1,0
BRDA:277,33,0,0
BRDA:277,33,1,0
BRDA:277,33,2,0
BRDA:298,34,0,0
BRDA:298,34,1,0
BRF:77
BRH:0
end_of_record
TN:
SF:src\contexts\index.ts
FNF:0
FNH:0
LF:0
LH:0
BRF:0
BRH:0
end_of_record
TN:
SF:src\features\home\hooks\useCheckIns.ts
FN:22,decryptCheckIn
FN:59,useTodayCheckIns
FN:70,(anonymous_2)
FN:81,(anonymous_3)
FN:82,(anonymous_4)
FN:104,useCreateCheckIn
FN:119,(anonymous_6)
FN:169,(anonymous_7)
FN:184,useUpdateCheckIn
FN:195,(anonymous_9)
FN:248,(anonymous_10)
FN:256,(anonymous_11)
FN:264,useDeleteCheckIn
FN:272,(anonymous_13)
FN:287,(anonymous_14)
FN:303,useStreak
FN:313,(anonymous_16)
FN:322,(anonymous_17)
FNF:18
FNH:0
FNDA:0,decryptCheckIn
FNDA:0,useTodayCheckIns
FNDA:0,(anonymous_2)
FNDA:0,(anonymous_3)
FNDA:0,(anonymous_4)
FNDA:0,useCreateCheckIn
FNDA:0,(anonymous_6)
FNDA:0,(anonymous_7)
FNDA:0,useUpdateCheckIn
FNDA:0,(anonymous_9)
FNDA:0,(anonymous_10)
FNDA:0,(anonymous_11)
FNDA:0,useDeleteCheckIn
FNDA:0,(anonymous_13)
FNDA:0,(anonymous_14)
FNDA:0,useStreak
FNDA:0,(anonymous_16)
FNDA:0,(anonymous_17)
DA:25,0
DA:28,0
DA:31,0
DA:34,0
DA:37,0
DA:41,0
DA:65,0
DA:66,0
DA:68,0
DA:71,0
DA:72,0
DA:74,0
DA:75,0
DA:80,0
DA:81,0
DA:82,0
DA:84,0
DA:86,0
DA:87,0
DA:93,0
DA:115,0
DA:116,0
DA:118,0
DA:127,0
DA:129,0
DA:130,0
DA:131,0
DA:132,0
DA:134,0
DA:135,0
DA:137,0
DA:139,0
DA:140,0
DA:142,0
DA:161,0
DA:163,0
DA:165,0
DA:166,0
DA:170,0
DA:171,0
DA:175,0
DA:191,0
DA:192,0
DA:194,0
DA:202,0
DA:204,0
DA:205,0
DA:206,0
DA:207,0
DA:209,0
DA:210,0
DA:211,0
DA:213,0
DA:214,0
DA:215,0
DA:217,0
DA:218,0
DA:219,0
DA:221,0
DA:222,0
DA:223,0
DA:226,0
DA:227,0
DA:228,0
DA:229,0
DA:231,0
DA:232,0
DA:234,0
DA:240,0
DA:242,0
DA:244,0
DA:245,0
DA:249,0
DA:250,0
DA:251,0
DA:255,0
DA:256,0
DA:268,0
DA:269,0
DA:271,0
DA:273,0
DA:275,0
DA:278,0
DA:280,0
DA:281,0
DA:283,0
DA:284,0
DA:288,0
DA:289,0
DA:290,0
DA:294,0
DA:309,0
DA:311,0
DA:314,0
DA:316,0
DA:317,0
DA:322,0
DA:323,0
DA:324,0
DA:325,0
DA:327,0
DA:328,0
DA:330,0
DA:331,0
DA:332,0
DA:334,0
DA:335,0
DA:336,0
DA:337,0
DA:339,0
DA:341,0
DA:342,0
DA:343,0
DA:344,0
DA:348,0
DA:350,0
DA:356,0
DA:357,0
DA:362,0
LF:119
LH:0
BRDA:25,0,0,0
BRDA:25,0,1,0
BRDA:28,1,0,0
BRDA:28,1,1,0
BRDA:31,2,0,0
BRDA:31,2,1,0
BRDA:34,3,0,0
BRDA:34,3,1,0
BRDA:37,4,0,0
BRDA:37,4,1,0
BRDA:71,5,0,0
BRDA:71,5,1,0
BRDA:71,6,0,0
BRDA:71,6,1,0
BRDA:81,7,0,0
BRDA:81,7,1,0
BRDA:82,8,0,0
BRDA:82,8,1,0
BRDA:90,9,0,0
BRDA:90,9,1,0
BRDA:94,10,0,0
BRDA:94,10,1,0
BRDA:95,11,0,0
BRDA:95,11,1,0
BRDA:127,12,0,0
BRDA:127,12,1,0
BRDA:134,13,0,0
BRDA:134,13,1,0
BRDA:135,14,0,0
BRDA:135,14,1,0
BRDA:137,15,0,0
BRDA:137,15,1,0
BRDA:139,16,0,0
BRDA:139,16,1,0
BRDA:140,17,0,0
BRDA:140,17,1,0
BRDA:202,18,0,0
BRDA:202,18,1,0
BRDA:209,19,0,0
BRDA:209,19,1,0
BRDA:211,20,0,0
BRDA:211,20,1,0
BRDA:213,21,0,0
BRDA:213,21,1,0
BRDA:215,22,0,0
BRDA:215,22,1,0
BRDA:217,23,0,0
BRDA:217,23,1,0
BRDA:221,24,0,0
BRDA:221,24,1,0
BRDA:273,25,0,0
BRDA:273,25,1,0
BRDA:314,26,0,0
BRDA:314,26,1,0
BRDA:334,27,0,0
BRDA:334,27,1,0
BRDA:336,28,0,0
BRDA:336,28,1,0
BRDA:336,29,0,0
BRDA:336,29,1,0
BRDA:336,29,2,0
BRDA:363,30,0,0
BRDA:363,30,1,0
BRDA:364,31,0,0
BRDA:364,31,1,0
BRDA:365,32,0,0
BRDA:365,32,1,0
BRF:67
BRH:0
end_of_record
TN:
SF:src\features\home\hooks\useCleanTime.ts
FN:53,calculateCleanTime
FN:79,useCleanTime
FN:93,(anonymous_2)
FN:108,(anonymous_3)
FN:109,(anonymous_4)
FN:140,useMilestones
FN:152,(anonymous_6)
FN:155,(anonymous_7)
FN:180,(anonymous_8)
FN:194,(anonymous_9)
FN:202,(anonymous_10)
FN:203,(anonymous_11)
FNF:12
FNH:0
FNDA:0,calculateCleanTime
FNDA:0,useCleanTime
FNDA:0,(anonymous_2)
FNDA:0,(anonymous_3)
FNDA:0,(anonymous_4)
FNDA:0,useMilestones
FNDA:0,(anonymous_6)
FNDA:0,(anonymous_7)
FNDA:0,(anonymous_8)
FNDA:0,(anonymous_9)
FNDA:0,(anonymous_10)
FNDA:0,(anonymous_11)
DA:13,0
DA:59,0
DA:60,0
DA:61,0
DA:63,0
DA:64,0
DA:65,0
DA:66,0
DA:68,0
DA:89,0
DA:91,0
DA:94,0
DA:95,0
DA:97,0
DA:98,0
DA:103,0
DA:104,0
DA:107,0
DA:108,0
DA:109,0
DA:111,0
DA:117,0
DA:118,0
DA:125,0
DA:145,0
DA:146,0
DA:147,0
DA:152,0
DA:153,0
DA:155,0
DA:156,0
DA:157,0
DA:162,0
DA:163,0
DA:167,0
DA:168,0
DA:170,0
DA:171,0
DA:173,0
DA:177,0
DA:180,0
DA:181,0
DA:183,0
DA:184,0
DA:189,0
DA:190,0
DA:193,0
DA:194,0
DA:197,0
DA:202,0
DA:203,0
DA:206,0
DA:207,0
DA:208,0
DA:210,0
DA:215,0
DA:218,0
DA:221,0
DA:223,0
DA:224,0
DA:228,0
LF:61
LH:0
BRDA:94,0,0,0
BRDA:94,0,1,0
BRDA:94,1,0,0
BRDA:94,1,1,0
BRDA:103,2,0,0
BRDA:103,2,1,0
BRDA:108,3,0,0
BRDA:108,3,1,0
BRDA:121,4,0,0
BRDA:121,4,1,0
BRDA:126,5,0,0
BRDA:126,5,1,0
BRDA:127,6,0,0
BRDA:127,6,1,0
BRDA:128,7,0,0
BRDA:128,7,1,0
BRDA:129,8,0,0
BRDA:129,8,1,0
BRDA:130,9,0,0
BRDA:130,9,1,0
BRDA:131,10,0,0
BRDA:131,10,1,0
BRDA:153,11,0,0
BRDA:153,11,1,0
BRDA:153,12,0,0
BRDA:153,12,1,0
BRDA:162,13,0,0
BRDA:162,13,1,0
BRDA:181,14,0,0
BRDA:181,14,1,0
BRDA:189,15,0,0
BRDA:189,15,1,0
BRF:32
BRH:0
end_of_record
TN:
SF:src\features\journal\hooks\useJournalEntries.ts
FN:13,decryptJournalEntry
FN:42,useJournalEntries
FN:56,(anonymous_2)
FN:80,(anonymous_3)
FN:89,useCreateJournalEntry
FN:102,(anonymous_5)
FN:149,(anonymous_6)
FN:163,useUpdateJournalEntry
FN:179,(anonymous_8)
FN:245,(anonymous_9)
FN:251,(anonymous_10)
FN:259,useDeleteJournalEntry
FN:267,(anonymous_12)
FN:282,(anonymous_13)
FNF:14
FNH:0
FNDA:0,decryptJournalEntry
FNDA:0,useJournalEntries
FNDA:0,(anonymous_2)
FNDA:0,(anonymous_3)
FNDA:0,useCreateJournalEntry
FNDA:0,(anonymous_5)
FNDA:0,(anonymous_6)
FNDA:0,useUpdateJournalEntry
FNDA:0,(anonymous_8)
FNDA:0,(anonymous_9)
FNDA:0,(anonymous_10)
FNDA:0,useDeleteJournalEntry
FNDA:0,(anonymous_12)
FNDA:0,(anonymous_13)
DA:14,0
DA:15,0
DA:16,0
DA:19,0
DA:22,0
DA:24,0
DA:48,0
DA:54,0
DA:57,0
DA:58,0
DA:60,0
DA:61,0
DA:66,0
DA:67,0
DA:69,0
DA:70,0
DA:76,0
DA:81,0
DA:98,0
DA:99,0
DA:101,0
DA:108,0
DA:109,0
DA:110,0
DA:112,0
DA:113,0
DA:115,0
DA:117,0
DA:119,0
DA:121,0
DA:123,0
DA:141,0
DA:143,0
DA:145,0
DA:146,0
DA:150,0
DA:154,0
DA:175,0
DA:176,0
DA:178,0
DA:191,0
DA:192,0
DA:193,0
DA:194,0
DA:196,0
DA:197,0
DA:198,0
DA:200,0
DA:201,0
DA:202,0
DA:204,0
DA:205,0
DA:206,0
DA:208,0
DA:209,0
DA:210,0
DA:214,0
DA:215,0
DA:216,0
DA:221,0
DA:222,0
DA:223,0
DA:224,0
DA:226,0
DA:227,0
DA:229,0
DA:231,0
DA:237,0
DA:239,0
DA:241,0
DA:242,0
DA:246,0
DA:250,0
DA:251,0
DA:263,0
DA:264,0
DA:266,0
DA:268,0
DA:270,0
DA:273,0
DA:275,0
DA:276,0
DA:278,0
DA:279,0
DA:283,0
DA:287,0
LF:86
LH:0
BRDA:14,0,0,0
BRDA:14,0,1,0
BRDA:16,1,0,0
BRDA:16,1,1,0
BRDA:19,2,0,0
BRDA:19,2,1,0
BRDA:22,3,0,0
BRDA:22,3,1,0
BRDA:50,4,0,0
BRDA:57,5,0,0
BRDA:57,5,1,0
BRDA:57,6,0,0
BRDA:57,6,1,0
BRDA:73,7,0,0
BRDA:73,7,1,0
BRDA:112,8,0,0
BRDA:112,8,1,0
BRDA:115,9,0,0
BRDA:115,9,1,0
BRDA:117,10,0,0
BRDA:117,10,1,0
BRDA:119,11,0,0
BRDA:119,11,1,0
BRDA:121,12,0,0
BRDA:121,12,1,0
BRDA:196,13,0,0
BRDA:196,13,1,0
BRDA:198,14,0,0
BRDA:198,14,1,0
BRDA:200,15,0,0
BRDA:200,15,1,0
BRDA:204,16,0,0
BRDA:204,16,1,0
BRDA:206,17,0,0
BRDA:206,17,1,0
BRDA:208,18,0,0
BRDA:208,18,1,0
BRDA:211,19,0,0
BRDA:211,19,1,0
BRDA:214,20,0,0
BRDA:214,20,1,0
BRDA:217,21,0,0
BRDA:217,21,1,0
BRDA:229,22,0,0
BRDA:229,22,1,0
BRDA:268,23,0,0
BRDA:268,23,1,0
BRF:47
BRH:0
end_of_record
TN:
SF:src\features\meetings\hooks\index.ts
FNF:0
FNH:0
LF:0
LH:0
BRF:0
BRH:0
end_of_record
TN:
SF:src\features\meetings\hooks\useFavoriteMeetings.ts
FN:32,useFavoriteMeetings
FN:46,(anonymous_1)
FN:65,(anonymous_2)
FN:103,(anonymous_3)
FN:113,(anonymous_4)
FN:154,(anonymous_5)
FN:163,(anonymous_6)
FN:194,(anonymous_7)
FN:203,(anonymous_8)
FN:204,(anonymous_9)
FN:213,(anonymous_10)
FN:214,(anonymous_11)
FN:236,(anonymous_12)
FN:242,(anonymous_13)
FN:248,(anonymous_14)
FNF:15
FNH:0
FNDA:0,useFavoriteMeetings
FNDA:0,(anonymous_1)
FNDA:0,(anonymous_2)
FNDA:0,(anonymous_3)
FNDA:0,(anonymous_4)
FNDA:0,(anonymous_5)
FNDA:0,(anonymous_6)
FNDA:0,(anonymous_7)
FNDA:0,(anonymous_8)
FNDA:0,(anonymous_9)
FNDA:0,(anonymous_10)
FNDA:0,(anonymous_11)
FNDA:0,(anonymous_12)
FNDA:0,(anonymous_13)
FNDA:0,(anonymous_14)
DA:33,0
DA:34,0
DA:35,0
DA:44,0
DA:47,0
DA:48,0
DA:51,0
DA:56,0
DA:64,0
DA:66,0
DA:67,0
DA:71,0
DA:76,0
DA:77,0
DA:80,0
DA:81,0
DA:84,0
DA:85,0
DA:86,0
DA:90,0
DA:99,0
DA:101,0
DA:105,0
DA:112,0
DA:114,0
DA:115,0
DA:119,0
DA:124,0
DA:125,0
DA:129,0
DA:135,0
DA:136,0
DA:152,0
DA:155,0
DA:162,0
DA:164,0
DA:165,0
DA:169,0
DA:174,0
DA:175,0
DA:179,0
DA:182,0
DA:190,0
DA:192,0
DA:195,0
DA:202,0
DA:204,0
DA:212,0
DA:214,0
DA:216,0
DA:217,0
DA:220,0
DA:221,0
DA:222,0
DA:224,0
DA:225,0
DA:231,0
DA:237,0
DA:243,0
DA:249,0
LF:60
LH:0
BRDA:41,0,0,0
BRDA:47,1,0,0
BRDA:47,1,1,0
BRDA:47,2,0,0
BRDA:47,2,1,0
BRDA:58,3,0,0
BRDA:58,3,1,0
BRDA:66,4,0,0
BRDA:66,4,1,0
BRDA:66,5,0,0
BRDA:66,5,1,0
BRDA:76,6,0,0
BRDA:76,6,1,0
BRDA:85,7,0,0
BRDA:85,7,1,0
BRDA:85,8,0,0
BRDA:85,8,1,0
BRDA:114,9,0,0
BRDA:114,9,1,0
BRDA:114,10,0,0
BRDA:114,10,1,0
BRDA:124,11,0,0
BRDA:124,11,1,0
BRDA:135,12,0,0
BRDA:135,12,1,0
BRDA:164,13,0,0
BRDA:164,13,1,0
BRDA:164,14,0,0
BRDA:164,14,1,0
BRDA:174,15,0,0
BRDA:174,15,1,0
BRDA:179,16,0,0
BRDA:179,16,1,0
BRDA:216,17,0,0
BRDA:216,17,1,0
BRDA:216,18,0,0
BRDA:216,18,1,0
BRDA:234,19,0,0
BRDA:234,19,1,0
BRF:39
BRH:0
end_of_record
TN:
SF:src\features\meetings\hooks\useMeetingSearch.ts
FN:39,useMeetingSearch
FN:48,(anonymous_1)
FN:96,(anonymous_2)
FN:143,(anonymous_3)
FN:156,(anonymous_4)
FNF:5
FNH:0
FNDA:0,useMeetingSearch
FNDA:0,(anonymous_1)
FNDA:0,(anonymous_2)
FNDA:0,(anonymous_3)
FNDA:0,(anonymous_4)
DA:40,0
DA:47,0
DA:49,0
DA:50,0
DA:53,0
DA:56,0
DA:61,0
DA:63,0
DA:70,0
DA:72,0
DA:75,0
DA:77,0
DA:78,0
DA:82,0
DA:86,0
DA:91,0
DA:93,0
DA:96,0
DA:102,0
DA:104,0
DA:109,0
DA:112,0
DA:113,0
DA:117,0
DA:121,0
DA:124,0
DA:125,0
DA:141,0
DA:146,0
DA:156,0
DA:157,0
DA:160,0
LF:32
LH:0
BRDA:39,0,0,0
BRDA:49,1,0,0
BRDA:49,1,1,0
BRDA:77,2,0,0
BRDA:77,2,1,0
BRDA:77,3,0,0
BRDA:77,3,1,0
BRDA:112,4,0,0
BRDA:112,4,1,0
BRDA:114,5,0,0
BRDA:114,5,1,0
BRDA:136,6,0,0
BRDA:148,7,0,0
BRDA:148,7,1,0
BRDA:164,8,0,0
BRDA:164,8,1,0
BRF:16
BRH:0
end_of_record
TN:
SF:src\features\meetings\hooks\useNearbyMeetings.ts
FN:42,useNearbyMeetings
FN:63,(anonymous_1)
FN:72,(anonymous_2)
FN:110,(anonymous_3)
FN:116,(anonymous_4)
FN:138,(anonymous_5)
FN:139,(anonymous_6)
FN:148,(anonymous_7)
FN:160,(anonymous_8)
FN:168,(anonymous_9)
FN:185,(anonymous_10)
FN:190,(anonymous_11)
FN:193,(anonymous_12)
FNF:13
FNH:0
FNDA:0,useNearbyMeetings
FNDA:0,(anonymous_1)
FNDA:0,(anonymous_2)
FNDA:0,(anonymous_3)
FNDA:0,(anonymous_4)
FNDA:0,(anonymous_5)
FNDA:0,(anonymous_6)
FNDA:0,(anonymous_7)
FNDA:0,(anonymous_8)
FNDA:0,(anonymous_9)
FNDA:0,(anonymous_10)
FNDA:0,(anonymous_11)
FNDA:0,(anonymous_12)
DA:23,0
DA:24,0
DA:43,0
DA:44,0
DA:45,0
DA:46,0
DA:48,0
DA:49,0
DA:50,0
DA:53,0
DA:63,0
DA:64,0
DA:71,0
DA:73,0
DA:74,0
DA:75,0
DA:78,0
DA:79,0
DA:81,0
DA:83,0
DA:85,0
DA:87,0
DA:88,0
DA:89,0
DA:93,0
DA:100,0
DA:101,0
DA:103,0
DA:109,0
DA:110,0
DA:115,0
DA:116,0
DA:122,0
DA:125,0
DA:127,0
DA:128,0
DA:129,0
DA:138,0
DA:139,0
DA:148,0
DA:149,0
DA:160,0
DA:161,0
DA:162,0
DA:165,0
DA:168,0
DA:169,0
DA:171,0
DA:173,0
DA:181,0
DA:184,0
DA:186,0
DA:190,0
DA:193,0
DA:194,0
DA:195,0
DA:196,0
DA:199,0
DA:202,0
LF:59
LH:0
BRDA:72,0,0,0
BRDA:73,1,0,0
BRDA:73,1,1,0
BRDA:85,2,0,0
BRDA:85,2,1,0
BRDA:87,3,0,0
BRDA:87,3,1,0
BRDA:100,4,0,0
BRDA:100,4,1,0
BRDA:100,5,0,0
BRDA:100,5,1,0
BRDA:125,6,0,0
BRDA:125,6,1,0
BRDA:161,7,0,0
BRDA:161,7,1,0
BRDA:161,8,0,0
BRDA:161,8,1,0
BRDA:186,9,0,0
BRDA:186,9,1,0
BRDA:194,10,0,0
BRDA:194,10,1,0
BRDA:195,11,0,0
BRDA:195,11,1,0
BRDA:204,12,0,0
BRDA:204,12,1,0
BRDA:205,13,0,0
BRDA:205,13,1,0
BRF:27
BRH:0
end_of_record
TN:
SF:src\features\meetings\hooks\useUserLocation.ts
FN:50,useUserLocation
FN:62,(anonymous_1)
FN:63,(anonymous_2)
FN:70,(anonymous_3)
FN:71,(anonymous_4)
FN:84,(anonymous_5)
FN:97,(anonymous_6)
FN:111,(anonymous_7)
FN:136,(anonymous_8)
FN:155,(anonymous_9)
FN:175,(anonymous_10)
FN:182,(anonymous_11)
FN:200,(anonymous_12)
FN:216,(anonymous_13)
FN:237,(anonymous_14)
FNF:15
FNH:0
FNDA:0,useUserLocation
FNDA:0,(anonymous_1)
FNDA:0,(anonymous_2)
FNDA:0,(anonymous_3)
FNDA:0,(anonymous_4)
FNDA:0,(anonymous_5)
FNDA:0,(anonymous_6)
FNDA:0,(anonymous_7)
FNDA:0,(anonymous_8)
FNDA:0,(anonymous_9)
FNDA:0,(anonymous_10)
FNDA:0,(anonymous_11)
FNDA:0,(anonymous_12)
FNDA:0,(anonymous_13)
FNDA:0,(anonymous_14)
DA:51,0
DA:62,0
DA:63,0
DA:70,0
DA:71,0
DA:73,0
DA:75,0
DA:77,0
DA:80,0
DA:82,0
DA:84,0
DA:92,0
DA:93,0
DA:97,0
DA:103,0
DA:108,0
DA:111,0
DA:118,0
DA:120,0
DA:124,0
DA:127,0
DA:128,0
DA:131,0
DA:136,0
DA:143,0
DA:148,0
DA:151,0
DA:155,0
DA:161,0
DA:162,0
DA:175,0
DA:176,0
DA:178,0
DA:180,0
DA:181,0
DA:182,0
DA:191,0
DA:195,0
DA:197,0
DA:199,0
DA:200,0
DA:208,0
DA:212,0
DA:214,0
DA:216,0
DA:228,0
DA:234,0
DA:236,0
DA:237,0
DA:246,0
DA:250,0
LF:51
LH:0
BRDA:80,0,0,0
BRDA:80,0,1,0
BRDA:92,1,0,0
BRDA:92,1,1,0
BRDA:93,2,0,0
BRDA:93,2,1,0
BRDA:127,3,0,0
BRDA:127,3,1,0
BRDA:151,4,0,0
BRDA:151,4,1,0
BRDA:180,5,0,0
BRDA:180,5,1,0
BRDA:199,6,0,0
BRDA:199,6,1,0
BRDA:223,7,0,0
BRDA:223,7,1,0
BRF:16
BRH:0
end_of_record
TN:
SF:src\features\progress\hooks\index.ts
FNF:0
FNH:0
LF:0
LH:0
BRF:0
BRH:0
end_of_record
TN:
SF:src\features\progress\hooks\useRecoveryAnalytics.ts
FN:85,useRecoveryAnalytics
FN:107,(anonymous_1)
FN:115,(anonymous_2)
FN:116,(anonymous_3)
FN:124,(anonymous_4)
FN:132,(anonymous_5)
FN:133,(anonymous_6)
FN:141,(anonymous_7)
FN:234,(anonymous_8)
FN:238,(anonymous_9)
FN:298,(anonymous_10)
FN:301,(anonymous_11)
FN:314,(anonymous_12)
FN:318,(anonymous_13)
FN:354,(anonymous_14)
FN:355,(anonymous_15)
FN:447,(anonymous_16)
FN:455,(anonymous_17)
FNF:18
FNH:0
FNDA:0,useRecoveryAnalytics
FNDA:0,(anonymous_1)
FNDA:0,(anonymous_2)
FNDA:0,(anonymous_3)
FNDA:0,(anonymous_4)
FNDA:0,(anonymous_5)
FNDA:0,(anonymous_6)
FNDA:0,(anonymous_7)
FNDA:0,(anonymous_8)
FNDA:0,(anonymous_9)
FNDA:0,(anonymous_10)
FNDA:0,(anonymous_11)
FNDA:0,(anonymous_12)
FNDA:0,(anonymous_13)
FNDA:0,(anonymous_14)
FNDA:0,(anonymous_15)
FNDA:0,(anonymous_16)
FNDA:0,(anonymous_17)
DA:70,0
DA:86,0
DA:88,0
DA:107,0
DA:108,0
DA:110,0
DA:111,0
DA:113,0
DA:115,0
DA:116,0
DA:118,0
DA:119,0
DA:120,0
DA:121,0
DA:124,0
DA:125,0
DA:127,0
DA:128,0
DA:130,0
DA:132,0
DA:133,0
DA:135,0
DA:136,0
DA:137,0
DA:138,0
DA:141,0
DA:150,0
DA:153,0
DA:154,0
DA:160,0
DA:161,0
DA:170,0
DA:171,0
DA:176,0
DA:177,0
DA:186,0
DA:187,0
DA:194,0
DA:195,0
DA:203,0
DA:204,0
DA:213,0
DA:214,0
DA:223,0
DA:224,0
DA:231,0
DA:234,0
DA:235,0
DA:237,0
DA:238,0
DA:241,0
DA:242,0
DA:243,0
DA:245,0
DA:259,0
DA:261,0
DA:262,0
DA:263,0
DA:264,0
DA:267,0
DA:269,0
DA:270,0
DA:271,0
DA:272,0
DA:273,0
DA:274,0
DA:281,0
DA:282,0
DA:283,0
DA:284,0
DA:285,0
DA:286,0
DA:295,0
DA:296,0
DA:298,0
DA:300,0
DA:301,0
DA:304,0
DA:313,0
DA:314,0
DA:317,0
DA:318,0
DA:323,0
DA:331,0
DA:332,0
DA:333,0
DA:334,0
DA:336,0
DA:337,0
DA:338,0
DA:339,0
DA:343,0
DA:344,0
DA:345,0
DA:346,0
DA:354,0
DA:355,0
DA:358,0
DA:362,0
DA:365,0
DA:366,0
DA:367,0
DA:368,0
DA:369,0
DA:370,0
DA:372,0
DA:377,0
DA:378,0
DA:379,0
DA:380,0
DA:385,0
DA:386,0
DA:387,0
DA:388,0
DA:389,0
DA:391,0
DA:396,0
DA:397,0
DA:398,0
DA:399,0
DA:404,0
DA:408,0
DA:411,0
DA:412,0
DA:415,0
DA:425,0
DA:444,0
DA:446,0
DA:447,0
DA:455,0
DA:456,0
DA:459,0
LF:132
LH:0
BRDA:108,0,0,0
BRDA:108,0,1,0
BRDA:113,1,0,0
BRDA:113,1,1,0
BRDA:119,2,0,0
BRDA:119,2,1,0
BRDA:120,3,0,0
BRDA:120,3,1,0
BRDA:125,4,0,0
BRDA:125,4,1,0
BRDA:130,5,0,0
BRDA:130,5,1,0
BRDA:136,6,0,0
BRDA:136,6,1,0
BRDA:137,7,0,0
BRDA:137,7,1,0
BRDA:153,8,0,0
BRDA:153,8,1,0
BRDA:160,9,0,0
BRDA:160,9,1,0
BRDA:170,10,0,0
BRDA:170,10,1,0
BRDA:176,11,0,0
BRDA:176,11,1,0
BRDA:186,12,0,0
BRDA:186,12,1,0
BRDA:194,13,0,0
BRDA:194,13,1,0
BRDA:203,14,0,0
BRDA:203,14,1,0
BRDA:213,15,0,0
BRDA:213,15,1,0
BRDA:223,16,0,0
BRDA:223,16,1,0
BRDA:235,17,0,0
BRDA:235,17,1,0
BRDA:235,18,0,0
BRDA:235,18,1,0
BRDA:235,18,2,0
BRDA:263,19,0,0
BRDA:263,19,1,0
BRDA:269,20,0,0
BRDA:269,20,1,0
BRDA:273,21,0,0
BRDA:273,21,1,0
BRDA:273,22,0,0
BRDA:273,22,1,0
BRDA:273,22,2,0
BRDA:281,23,0,0
BRDA:281,23,1,0
BRDA:285,24,0,0
BRDA:285,24,1,0
BRDA:285,25,0,0
BRDA:285,25,1,0
BRDA:285,25,2,0
BRDA:298,26,0,0
BRDA:298,26,1,0
BRDA:300,27,0,0
BRDA:300,27,1,0
BRDA:313,28,0,0
BRDA:313,28,1,0
BRDA:317,29,0,0
BRDA:317,29,1,0
BRDA:333,30,0,0
BRDA:333,30,1,0
BRDA:338,31,0,0
BRDA:338,31,1,0
BRDA:348,32,0,0
BRDA:348,32,1,0
BRDA:349,33,0,0
BRDA:349,33,1,0
BRDA:350,34,0,0
BRDA:350,34,1,0
BRDA:362,35,0,0
BRDA:362,35,1,0
BRDA:377,36,0,0
BRDA:377,36,1,0
BRDA:379,37,0,0
BRDA:379,37,1,0
BRDA:396,38,0,0
BRDA:396,38,1,0
BRDA:398,39,0,0
BRDA:398,39,1,0
BRDA:408,40,0,0
BRDA:408,40,1,0
BRDA:450,41,0,0
BRDA:450,41,1,0
BRF:87
BRH:0
end_of_record
TN:
SF:src\features\sponsor\hooks\index.ts
FNF:0
FNH:0
LF:0
LH:0
BRF:0
BRH:0
end_of_record
TN:
SF:src\features\sponsor\hooks\useSponsorConnections.ts
FN:35,useSponsorConnections
FN:41,(anonymous_1)
FN:59,(anonymous_2)
FN:64,(anonymous_3)
FN:113,(anonymous_4)
FN:158,(anonymous_5)
FN:211,(anonymous_6)
FN:227,(anonymous_7)
FN:240,(anonymous_8)
FN:240,(anonymous_9)
FN:245,(anonymous_10)
FN:245,(anonymous_11)
FN:250,(anonymous_12)
FN:250,(anonymous_13)
FNF:14
FNH:0
FNDA:0,useSponsorConnections
FNDA:0,(anonymous_1)
FNDA:0,(anonymous_2)
FNDA:0,(anonymous_3)
FNDA:0,(anonymous_4)
FNDA:0,(anonymous_5)
FNDA:0,(anonymous_6)
FNDA:0,(anonymous_7)
FNDA:0,(anonymous_8)
FNDA:0,(anonymous_9)
FNDA:0,(anonymous_10)
FNDA:0,(anonymous_11)
FNDA:0,(anonymous_12)
FNDA:0,(anonymous_13)
DA:36,0
DA:37,0
DA:38,0
DA:39,0
DA:41,0
DA:42,0
DA:43,0
DA:44,0
DA:45,0
DA:46,0
DA:50,0
DA:52,0
DA:53,0
DA:55,0
DA:59,0
DA:60,0
DA:63,0
DA:65,0
DA:66,0
DA:69,0
DA:70,0
DA:71,0
DA:72,0
DA:74,0
DA:75,0
DA:97,0
DA:106,0
DA:107,0
DA:112,0
DA:114,0
DA:115,0
DA:118,0
DA:119,0
DA:120,0
DA:123,0
DA:128,0
DA:129,0
DA:132,0
DA:133,0
DA:134,0
DA:136,0
DA:137,0
DA:152,0
DA:157,0
DA:159,0
DA:160,0
DA:163,0
DA:164,0
DA:165,0
DA:168,0
DA:169,0
DA:170,0
DA:171,0
DA:173,0
DA:174,0
DA:196,0
DA:204,0
DA:205,0
DA:210,0
DA:212,0
DA:213,0
DA:217,0
DA:221,0
DA:226,0
DA:228,0
DA:229,0
DA:233,0
DA:234,0
DA:239,0
DA:240,0
DA:244,0
DA:245,0
DA:249,0
DA:250,0
DA:254,0
LF:75
LH:0
BRDA:42,0,0,0
BRDA:42,0,1,0
BRDA:42,1,0,0
BRDA:42,1,1,0
BRDA:42,1,2,0
BRDA:53,2,0,0
BRDA:53,2,1,0
BRDA:65,3,0,0
BRDA:65,3,1,0
BRDA:65,4,0,0
BRDA:65,4,1,0
BRDA:87,5,0,0
BRDA:87,5,1,0
BRDA:114,6,0,0
BRDA:114,6,1,0
BRDA:114,7,0,0
BRDA:114,7,1,0
BRDA:119,8,0,0
BRDA:119,8,1,0
BRDA:128,9,0,0
BRDA:128,9,1,0
BRDA:128,10,0,0
BRDA:128,10,1,0
BRDA:146,11,0,0
BRDA:146,11,1,0
BRDA:146,11,2,0
BRDA:159,12,0,0
BRDA:159,12,1,0
BRDA:159,13,0,0
BRDA:159,13,1,0
BRDA:164,14,0,0
BRDA:164,14,1,0
BRDA:186,15,0,0
BRDA:186,15,1,0
BRDA:212,16,0,0
BRDA:212,16,1,0
BRDA:212,17,0,0
BRDA:212,17,1,0
BRDA:228,18,0,0
BRDA:228,18,1,0
BRDA:233,19,0,0
BRDA:233,19,1,0
BRDA:240,20,0,0
BRDA:240,20,1,0
BRDA:245,21,0,0
BRDA:245,21,1,0
BRDA:250,22,0,0
BRDA:250,22,1,0
BRF:48
BRH:0
end_of_record
TN:
SF:src\features\sponsor\hooks\useSponsorSharedEntries.ts
FN:51,splitPayloads
FN:54,(anonymous_1)
FN:58,useSponsorSharedEntries
FN:62,(anonymous_3)
FN:73,(anonymous_4)
FN:84,(anonymous_5)
FN:93,(anonymous_6)
FN:148,(anonymous_7)
FN:191,(anonymous_8)
FN:269,(anonymous_9)
FN:318,(anonymous_10)
FNF:11
FNH:0
FNDA:0,splitPayloads
FNDA:0,(anonymous_1)
FNDA:0,useSponsorSharedEntries
FNDA:0,(anonymous_3)
FNDA:0,(anonymous_4)
FNDA:0,(anonymous_5)
FNDA:0,(anonymous_6)
FNDA:0,(anonymous_7)
FNDA:0,(anonymous_8)
FNDA:0,(anonymous_9)
FNDA:0,(anonymous_10)
DA:52,0
DA:54,0
DA:59,0
DA:61,0
DA:63,0
DA:64,0
DA:72,0
DA:74,0
DA:75,0
DA:83,0
DA:85,0
DA:86,0
DA:87,0
DA:92,0
DA:98,0
DA:99,0
DA:102,0
DA:103,0
DA:104,0
DA:107,0
DA:108,0
DA:109,0
DA:111,0
DA:112,0
DA:122,0
DA:123,0
DA:132,0
DA:139,0
DA:142,0
DA:147,0
DA:154,0
DA:155,0
DA:158,0
DA:159,0
DA:160,0
DA:163,0
DA:164,0
DA:165,0
DA:169,0
DA:178,0
DA:185,0
DA:190,0
DA:194,0
DA:195,0
DA:198,0
DA:199,0
DA:200,0
DA:201,0
DA:203,0
DA:204,0
DA:205,0
DA:207,0
DA:208,0
DA:209,0
DA:210,0
DA:213,0
DA:214,0
DA:215,0
DA:216,0
DA:219,0
DA:220,0
DA:221,0
DA:222,0
DA:224,0
DA:225,0
DA:226,0
DA:229,0
DA:233,0
DA:234,0
DA:235,0
DA:238,0
DA:239,0
DA:240,0
DA:256,0
DA:257,0
DA:259,0
DA:263,0
DA:268,0
DA:270,0
DA:272,0
DA:273,0
DA:275,0
DA:288,0
DA:289,0
DA:290,0
DA:291,0
DA:293,0
DA:294,0
DA:295,0
DA:296,0
DA:308,0
DA:312,0
DA:317,0
DA:319,0
DA:321,0
DA:334,0
DA:335,0
DA:336,0
DA:337,0
DA:339,0
DA:340,0
DA:342,0
DA:343,0
DA:344,0
DA:345,0
DA:352,0
DA:356,0
DA:361,0
LF:108
LH:0
BRDA:63,0,0,0
BRDA:63,0,1,0
BRDA:63,1,0,0
BRDA:63,1,1,0
BRDA:74,2,0,0
BRDA:74,2,1,0
BRDA:74,3,0,0
BRDA:74,3,1,0
BRDA:86,4,0,0
BRDA:86,4,1,0
BRDA:98,5,0,0
BRDA:98,5,1,0
BRDA:98,6,0,0
BRDA:98,6,1,0
BRDA:98,6,2,0
BRDA:103,7,0,0
BRDA:103,7,1,0
BRDA:113,8,0,0
BRDA:113,8,1,0
BRDA:115,9,0,0
BRDA:115,9,1,0
BRDA:116,10,0,0
BRDA:116,10,1,0
BRDA:117,11,0,0
BRDA:117,11,1,0
BRDA:154,12,0,0
BRDA:154,12,1,0
BRDA:154,13,0,0
BRDA:154,13,1,0
BRDA:154,13,2,0
BRDA:159,14,0,0
BRDA:159,14,1,0
BRDA:194,15,0,0
BRDA:194,15,1,0
BRDA:194,16,0,0
BRDA:194,16,1,0
BRDA:194,16,2,0
BRDA:205,17,0,0
BRDA:205,17,1,0
BRDA:207,18,0,0
BRDA:207,18,1,0
BRDA:208,19,0,0
BRDA:208,19,1,0
BRDA:214,20,0,0
BRDA:214,20,1,0
BRDA:233,21,0,0
BRDA:233,21,1,0
BRDA:239,22,0,0
BRDA:239,22,1,0
BRDA:245,23,0,0
BRDA:245,23,1,0
BRDA:256,24,0,0
BRDA:256,24,1,0
BRDA:270,25,0,0
BRDA:270,25,1,0
BRDA:270,26,0,0
BRDA:270,26,1,0
BRDA:270,26,2,0
BRDA:273,27,0,0
BRDA:273,27,1,0
BRDA:291,28,0,0
BRDA:291,28,1,0
BRDA:299,29,0,0
BRDA:299,29,1,0
BRDA:301,30,0,0
BRDA:301,30,1,0
BRDA:302,31,0,0
BRDA:302,31,1,0
BRDA:303,32,0,0
BRDA:303,32,1,0
BRDA:304,33,0,0
BRDA:304,33,1,0
BRDA:319,34,0,0
BRDA:319,34,1,0
BRDA:319,35,0,0
BRDA:319,35,1,0
BRDA:319,35,2,0
BRDA:337,36,0,0
BRDA:337,36,1,0
BRDA:340,37,0,0
BRDA:340,37,1,0
BRDA:349,38,0,0
BRDA:349,38,1,0
BRF:83
BRH:0
end_of_record
TN:
SF:src\features\sponsor\hooks\useSponsorships.ts
FN:15,useSponsorships
FN:21,(anonymous_1)
FN:43,(anonymous_2)
FN:48,(anonymous_3)
FN:87,(anonymous_4)
FN:107,(anonymous_5)
FN:127,(anonymous_6)
FN:144,(anonymous_7)
FN:147,(anonymous_8)
FN:151,(anonymous_9)
FN:155,(anonymous_10)
FNF:11
FNH:0
FNDA:0,useSponsorships
FNDA:0,(anonymous_1)
FNDA:0,(anonymous_2)
FNDA:0,(anonymous_3)
FNDA:0,(anonymous_4)
FNDA:0,(anonymous_5)
FNDA:0,(anonymous_6)
FNDA:0,(anonymous_7)
FNDA:0,(anonymous_8)
FNDA:0,(anonymous_9)
FNDA:0,(anonymous_10)
DA:16,0
DA:17,0
DA:18,0
DA:19,0
DA:21,0
DA:22,0
DA:24,0
DA:25,0
DA:26,0
DA:32,0
DA:33,0
DA:34,0
DA:36,0
DA:37,0
DA:39,0
DA:43,0
DA:44,0
DA:47,0
DA:49,0
DA:51,0
DA:53,0
DA:59,0
DA:60,0
DA:63,0
DA:64,0
DA:68,0
DA:74,0
DA:76,0
DA:77,0
DA:79,0
DA:80,0
DA:86,0
DA:88,0
DA:89,0
DA:94,0
DA:96,0
DA:97,0
DA:99,0
DA:100,0
DA:106,0
DA:108,0
DA:109,0
DA:114,0
DA:116,0
DA:117,0
DA:119,0
DA:120,0
DA:126,0
DA:128,0
DA:129,0
DA:131,0
DA:133,0
DA:134,0
DA:136,0
DA:137,0
DA:144,0
DA:146,0
DA:147,0
DA:150,0
DA:151,0
DA:154,0
DA:155,0
DA:158,0
LF:63
LH:0
BRDA:22,0,0,0
BRDA:22,0,1,0
BRDA:32,1,0,0
BRDA:32,1,1,0
BRDA:33,2,0,0
BRDA:33,2,1,0
BRDA:37,3,0,0
BRDA:37,3,1,0
BRDA:49,4,0,0
BRDA:49,4,1,0
BRDA:59,5,0,0
BRDA:59,5,1,0
BRDA:59,6,0,0
BRDA:59,6,1,0
BRDA:63,7,0,0
BRDA:63,7,1,0
BRDA:74,8,0,0
BRDA:74,8,1,0
BRDA:94,9,0,0
BRDA:94,9,1,0
BRDA:114,10,0,0
BRDA:114,10,1,0
BRDA:131,11,0,0
BRDA:131,11,1,0
BRDA:144,12,0,0
BRDA:144,12,1,0
BRDA:147,13,0,0
BRDA:147,13,1,0
BRDA:151,14,0,0
BRDA:151,14,1,0
BRDA:155,15,0,0
BRDA:155,15,1,0
BRF:32
BRH:0
end_of_record
TN:
SF:src\features\steps\hooks\useStepWork.ts
FN:14,decryptStepWork
FN:35,useStepWork
FN:48,(anonymous_2)
FN:59,(anonymous_3)
FN:83,useSaveStepAnswer
FN:96,(anonymous_5)
FN:166,(anonymous_6)
FN:172,(anonymous_7)
FN:181,useStepProgress
FN:192,(anonymous_9)
FN:207,(anonymous_10)
FN:210,(anonymous_11)
FN:223,(anonymous_12)
FN:224,(anonymous_13)
FN:227,(anonymous_14)
FNF:15
FNH:0
FNDA:0,decryptStepWork
FNDA:0,useStepWork
FNDA:0,(anonymous_2)
FNDA:0,(anonymous_3)
FNDA:0,useSaveStepAnswer
FNDA:0,(anonymous_5)
FNDA:0,(anonymous_6)
FNDA:0,(anonymous_7)
FNDA:0,useStepProgress
FNDA:0,(anonymous_9)
FNDA:0,(anonymous_10)
FNDA:0,(anonymous_11)
FNDA:0,(anonymous_12)
FNDA:0,(anonymous_13)
FNDA:0,(anonymous_14)
DA:15,0
DA:17,0
DA:44,0
DA:46,0
DA:49,0
DA:50,0
DA:52,0
DA:53,0
DA:58,0
DA:59,0
DA:60,0
DA:61,0
DA:63,0
DA:65,0
DA:66,0
DA:72,0
DA:92,0
DA:93,0
DA:95,0
DA:107,0
DA:109,0
DA:110,0
DA:111,0
DA:114,0
DA:119,0
DA:121,0
DA:136,0
DA:139,0
DA:140,0
DA:157,0
DA:160,0
DA:162,0
DA:163,0
DA:167,0
DA:171,0
DA:173,0
DA:188,0
DA:190,0
DA:193,0
DA:195,0
DA:196,0
DA:206,0
DA:207,0
DA:210,0
DA:211,0
DA:212,0
DA:213,0
DA:214,0
DA:222,0
DA:223,0
DA:224,0
DA:227,0
DA:228,0
DA:230,0
DA:232,0
DA:233,0
DA:239,0
LF:57
LH:0
BRDA:15,0,0,0
BRDA:15,0,1,0
BRDA:28,1,0,0
BRDA:28,1,1,0
BRDA:49,2,0,0
BRDA:49,2,1,0
BRDA:49,3,0,0
BRDA:49,3,1,0
BRDA:61,4,0,0
BRDA:61,4,1,0
BRDA:69,5,0,0
BRDA:69,5,1,0
BRDA:73,6,0,0
BRDA:73,6,1,0
BRDA:74,7,0,0
BRDA:74,7,1,0
BRDA:107,8,0,0
BRDA:107,8,1,0
BRDA:119,9,0,0
BRDA:119,9,1,0
BRDA:125,10,0,0
BRDA:125,10,1,0
BRDA:126,11,0,0
BRDA:126,11,1,0
BRDA:148,12,0,0
BRDA:148,12,1,0
BRDA:149,13,0,0
BRDA:149,13,1,0
BRDA:193,14,0,0
BRDA:193,14,1,0
BRDA:207,15,0,0
BRDA:207,15,1,0
BRDA:211,16,0,0
BRDA:211,16,1,0
BRDA:213,17,0,0
BRDA:213,17,1,0
BRDA:223,18,0,0
BRDA:223,18,1,0
BRDA:227,19,0,0
BRDA:227,19,1,0
BRDA:240,20,0,0
BRDA:240,20,1,0
BRDA:241,21,0,0
BRDA:241,21,1,0
BRDA:242,22,0,0
BRDA:242,22,1,0
BRDA:243,23,0,0
BRDA:243,23,1,0
BRF:48
BRH:0
end_of_record
TN:
SF:src\services\notificationService.ts
FN:47,scheduleMorningReminder
FN:97,scheduleEveningReminder
FN:148,scheduleDailyReminders
FN:171,cancelDailyReminders
FN:190,sendTestNotification
FN:225,getMilestoneMessage
FN:271,scheduleMilestoneNotification
FN:336,scheduleAllMilestones
FN:344,(anonymous_8)
FN:347,(anonymous_9)
FN:350,(anonymous_10)
FN:367,cancelAllMilestones
FN:370,(anonymous_12)
FN:388,getScheduledNotifications
FNF:14
FNH:0
FNDA:0,scheduleMorningReminder
FNDA:0,scheduleEveningReminder
FNDA:0,scheduleDailyReminders
FNDA:0,cancelDailyReminders
FNDA:0,sendTestNotification
FNDA:0,getMilestoneMessage
FNDA:0,scheduleMilestoneNotification
FNDA:0,scheduleAllMilestones
FNDA:0,(anonymous_8)
FNDA:0,(anonymous_9)
FNDA:0,(anonymous_10)
FNDA:0,cancelAllMilestones
FNDA:0,(anonymous_12)
FNDA:0,getScheduledNotifications
DA:18,0
DA:36,0
DA:50,0
DA:52,0
DA:54,0
DA:55,0
DA:56,0
DA:60,0
DA:79,0
DA:84,0
DA:86,0
DA:87,0
DA:100,0
DA:102,0
DA:104,0
DA:105,0
DA:106,0
DA:110,0
DA:129,0
DA:134,0
DA:136,0
DA:137,0
DA:152,0
DA:157,0
DA:162,0
DA:172,0
DA:173,0
DA:178,0
DA:180,0
DA:194,0
DA:195,0
DA:207,0
DA:209,0
DA:216,0
DA:226,0
DA:261,0
DA:275,0
DA:276,0
DA:277,0
DA:278,0
DA:281,0
DA:282,0
DA:283,0
DA:286,0
DA:287,0
DA:288,0
DA:291,0
DA:292,0
DA:295,0
DA:298,0
DA:317,0
DA:323,0
DA:325,0
DA:326,0
DA:337,0
DA:338,0
DA:339,0
DA:344,0
DA:346,0
DA:347,0
DA:350,0
DA:352,0
DA:357,0
DA:359,0
DA:360,0
DA:368,0
DA:369,0
DA:371,0
DA:377,0
DA:379,0
DA:389,0
DA:390,0
DA:392,0
DA:393,0
LF:74
LH:0
BRDA:48,0,0,0
BRDA:54,1,0,0
BRDA:54,1,1,0
BRDA:98,2,0,0
BRDA:104,3,0,0
BRDA:104,3,1,0
BRDA:149,4,0,0
BRDA:150,5,0,0
BRDA:191,6,0,0
BRDA:192,7,0,0
BRDA:276,8,0,0
BRDA:276,8,1,0
BRDA:286,9,0,0
BRDA:286,9,1,0
BRF:14
BRH:0
end_of_record
TN:
SF:src\services\sponsorShareService.ts
FN:27,encryptSharedEntry
FN:46,decryptSharedEntry
FN:61,buildShareMessage
FNF:3
FNH:0
FNDA:0,encryptSharedEntry
FNDA:0,decryptSharedEntry
FNDA:0,buildShareMessage
DA:11,0
DA:28,0
DA:42,0
DA:43,0
DA:47,0
DA:48,0
DA:49,0
DA:51,0
DA:52,0
DA:53,0
DA:54,0
DA:55,0
DA:57,0
DA:62,0
DA:63,0
LF:15
LH:0
BRDA:33,0,0,0
BRDA:33,0,1,0
BRDA:35,1,0,0
BRDA:35,1,1,0
BRDA:36,2,0,0
BRDA:36,2,1,0
BRDA:37,3,0,0
BRDA:37,3,1,0
BRDA:48,4,0,0
BRDA:48,4,1,0
BRDA:54,5,0,0
BRDA:54,5,1,0
BRDA:62,6,0,0
BRDA:62,6,1,0
BRF:14
BRH:0
end_of_record
TN:
SF:src\services\syncService.ts
FN:41,(anonymous_0)
FN:47,(anonymous_1)
FN:52,(anonymous_2)
FN:61,(anonymous_3)
FN:81,withTimeout
FN:84,(anonymous_5)
FN:85,(anonymous_6)
FN:90,(anonymous_7)
FN:255,generateUUID
FN:259,(anonymous_9)
FN:270,syncJournalEntry
FN:351,syncStepWork
FN:430,syncDailyCheckIn
FN:533,syncFavoriteMeeting
FN:601,syncReadingReflection
FN:675,syncWeeklyReport
FN:735,syncSponsorConnection
FN:801,syncSponsorSharedEntry
FN:872,deleteFromSupabase
FN:903,processSyncItem
FN:953,handleSyncResult
FN:1026,processSyncQueue
FN:1065,(anonymous_22)
FN:1066,(anonymous_23)
FN:1098,(anonymous_24)
FN:1134,addToSyncQueue
FN:1172,addDeleteToSyncQueue
FNF:27
FNH:0
FNDA:0,(anonymous_0)
FNDA:0,(anonymous_1)
FNDA:0,(anonymous_2)
FNDA:0,(anonymous_3)
FNDA:0,withTimeout
FNDA:0,(anonymous_5)
FNDA:0,(anonymous_6)
FNDA:0,(anonymous_7)
FNDA:0,generateUUID
FNDA:0,(anonymous_9)
FNDA:0,syncJournalEntry
FNDA:0,syncStepWork
FNDA:0,syncDailyCheckIn
FNDA:0,syncFavoriteMeeting
FNDA:0,syncReadingReflection
FNDA:0,syncWeeklyReport
FNDA:0,syncSponsorConnection
FNDA:0,syncSponsorSharedEntry
FNDA:0,deleteFromSupabase
FNDA:0,processSyncItem
FNDA:0,handleSyncResult
FNDA:0,processSyncQueue
FNDA:0,(anonymous_22)
FNDA:0,(anonymous_23)
FNDA:0,(anonymous_24)
FNDA:0,addToSyncQueue
FNDA:0,addDeleteToSyncQueue
DA:38,0
DA:39,0
DA:42,0
DA:43,0
DA:44,0
DA:47,0
DA:48,0
DA:53,0
DA:54,0
DA:55,0
DA:57,0
DA:62,0
DA:66,0
DA:69,0
DA:72,0
DA:75,0
DA:84,0
DA:85,0
DA:86,0
DA:90,0
DA:91,0
DA:92,0
DA:256,0
DA:257,0
DA:259,0
DA:260,0
DA:261,0
DA:262,0
DA:275,0
DA:277,0
DA:282,0
DA:283,0
DA:287,0
DA:290,0
DA:291,0
DA:292,0
DA:295,0
DA:297,0
DA:302,0
DA:314,0
DA:323,0
DA:325,0
DA:326,0
DA:327,0
DA:331,0
DA:338,0
DA:339,0
DA:341,0
DA:342,0
DA:343,0
DA:356,0
DA:358,0
DA:363,0
DA:364,0
DA:368,0
DA:373,0
DA:375,0
DA:386,0
DA:395,0
DA:397,0
DA:398,0
DA:399,0
DA:403,0
DA:410,0
DA:411,0
DA:413,0
DA:414,0
DA:415,0
DA:435,0
DA:437,0
DA:442,0
DA:443,0
DA:447,0
DA:451,0
DA:461,0
DA:463,0
DA:464,0
DA:465,0
DA:468,0
DA:469,0
DA:470,0
DA:473,0
DA:475,0
DA:478,0
DA:479,0
DA:480,0
DA:481,0
DA:482,0
DA:483,0
DA:492,0
DA:501,0
DA:503,0
DA:504,0
DA:505,0
DA:509,0
DA:516,0
DA:521,0
DA:523,0
DA:524,0
DA:525,0
DA:538,0
DA:540,0
DA:545,0
DA:546,0
DA:550,0
DA:553,0
DA:564,0
DA:573,0
DA:575,0
DA:576,0
DA:577,0
DA:581,0
DA:588,0
DA:589,0
DA:591,0
DA:592,0
DA:593,0
DA:606,0
DA:608,0
DA:615,0
DA:616,0
DA:623,0
DA:626,0
DA:638,0
DA:647,0
DA:649,0
DA:650,0
DA:651,0
DA:655,0
DA:662,0
DA:663,0
DA:665,0
DA:666,0
DA:667,0
DA:680,0
DA:681,0
DA:686,0
DA:687,0
DA:690,0
DA:692,0
DA:701,0
DA:710,0
DA:712,0
DA:713,0
DA:714,0
DA:717,0
DA:722,0
DA:723,0
DA:725,0
DA:726,0
DA:727,0
DA:740,0
DA:741,0
DA:746,0
DA:747,0
DA:750,0
DA:752,0
DA:767,0
DA:776,0
DA:778,0
DA:779,0
DA:780,0
DA:783,0
DA:788,0
DA:789,0
DA:791,0
DA:792,0
DA:793,0
DA:806,0
DA:807,0
DA:812,0
DA:813,0
DA:816,0
DA:819,0
DA:824,0
DA:825,0
DA:828,0
DA:839,0
DA:848,0
DA:850,0
DA:851,0
DA:852,0
DA:855,0
DA:860,0
DA:861,0
DA:863,0
DA:864,0
DA:865,0
DA:877,0
DA:878,0
DA:883,0
DA:885,0
DA:886,0
DA:887,0
DA:890,0
DA:891,0
DA:893,0
DA:894,0
DA:895,0
DA:909,0
DA:910,0
DA:911,0
DA:914,0
DA:919,0
DA:924,0
DA:926,0
DA:928,0
DA:930,0
DA:932,0
DA:934,0
DA:936,0
DA:938,0
DA:940,0
DA:942,0
DA:959,0
DA:961,0
DA:962,0
DA:963,0
DA:970,0
DA:973,0
DA:975,0
DA:981,0
DA:991,0
DA:997,0
DA:1008,0
DA:1009,0
DA:1032,0
DA:1033,0
DA:1034,0
DA:1037,0
DA:1039,0
DA:1045,0
DA:1049,0
DA:1058,0
DA:1059,0
DA:1060,0
DA:1065,0
DA:1066,0
DA:1068,0
DA:1075,0
DA:1076,0
DA:1077,0
DA:1078,0
DA:1079,0
DA:1084,0
DA:1085,0
DA:1086,0
DA:1088,0
DA:1089,0
DA:1093,0
DA:1098,0
DA:1101,0
DA:1102,0
DA:1106,0
DA:1113,0
DA:1115,0
DA:1116,0
DA:1117,0
DA:1120,0
DA:1141,0
DA:1142,0
DA:1143,0
DA:1145,0
DA:1151,0
DA:1158,0
DA:1159,0
DA:1178,0
DA:1180,0
DA:1185,0
DA:1188,0
DA:1190,0
DA:1191,0
DA:1197,0
DA:1198,0
LF:274
LH:0
BRDA:42,0,0,0
BRDA:42,0,1,0
BRDA:54,1,0,0
BRDA:54,1,1,0
BRDA:91,2,0,0
BRDA:91,2,1,0
BRDA:256,3,0,0
BRDA:256,3,1,0
BRDA:256,4,0,0
BRDA:256,4,1,0
BRDA:261,5,0,0
BRDA:261,5,1,0
BRDA:282,6,0,0
BRDA:282,6,1,0
BRDA:287,7,0,0
BRDA:287,7,1,0
BRDA:291,8,0,0
BRDA:291,8,1,0
BRDA:305,9,0,0
BRDA:305,9,1,0
BRDA:325,10,0,0
BRDA:325,10,1,0
BRDA:341,11,0,0
BRDA:341,11,1,0
BRDA:363,12,0,0
BRDA:363,12,1,0
BRDA:368,13,0,0
BRDA:368,13,1,0
BRDA:373,14,0,0
BRDA:373,14,1,0
BRDA:397,15,0,0
BRDA:397,15,1,0
BRDA:413,16,0,0
BRDA:413,16,1,0
BRDA:442,17,0,0
BRDA:442,17,1,0
BRDA:447,18,0,0
BRDA:447,18,1,0
BRDA:457,19,0,0
BRDA:457,19,1,0
BRDA:461,20,0,0
BRDA:461,20,1,0
BRDA:473,21,0,0
BRDA:473,21,1,0
BRDA:481,22,0,0
BRDA:481,22,1,0
BRDA:503,23,0,0
BRDA:503,23,1,0
BRDA:523,24,0,0
BRDA:523,24,1,0
BRDA:545,25,0,0
BRDA:545,25,1,0
BRDA:550,26,0,0
BRDA:550,26,1,0
BRDA:575,27,0,0
BRDA:575,27,1,0
BRDA:591,28,0,0
BRDA:591,28,1,0
BRDA:615,29,0,0
BRDA:615,29,1,0
BRDA:623,30,0,0
BRDA:623,30,1,0
BRDA:649,31,0,0
BRDA:649,31,1,0
BRDA:665,32,0,0
BRDA:665,32,1,0
BRDA:686,33,0,0
BRDA:686,33,1,0
BRDA:690,34,0,0
BRDA:690,34,1,0
BRDA:712,35,0,0
BRDA:712,35,1,0
BRDA:725,36,0,0
BRDA:725,36,1,0
BRDA:746,37,0,0
BRDA:746,37,1,0
BRDA:750,38,0,0
BRDA:750,38,1,0
BRDA:778,39,0,0
BRDA:778,39,1,0
BRDA:791,40,0,0
BRDA:791,40,1,0
BRDA:812,41,0,0
BRDA:812,41,1,0
BRDA:816,42,0,0
BRDA:816,42,1,0
BRDA:824,43,0,0
BRDA:824,43,1,0
BRDA:850,44,0,0
BRDA:850,44,1,0
BRDA:863,45,0,0
BRDA:863,45,1,0
BRDA:885,46,0,0
BRDA:885,46,1,0
BRDA:893,47,0,0
BRDA:893,47,1,0
BRDA:909,48,0,0
BRDA:909,48,1,0
BRDA:910,49,0,0
BRDA:910,49,1,0
BRDA:924,50,0,0
BRDA:924,50,1,0
BRDA:924,50,2,0
BRDA:924,50,3,0
BRDA:924,50,4,0
BRDA:924,50,5,0
BRDA:924,50,6,0
BRDA:924,50,7,0
BRDA:924,50,8,0
BRDA:959,51,0,0
BRDA:959,51,1,0
BRDA:973,52,0,0
BRDA:973,52,1,0
BRDA:979,53,0,0
BRDA:979,53,1,0
BRDA:995,54,0,0
BRDA:995,54,1,0
BRDA:1010,55,0,0
BRDA:1010,55,1,0
BRDA:1029,56,0,0
BRDA:1032,57,0,0
BRDA:1032,57,1,0
BRDA:1058,58,0,0
BRDA:1058,58,1,0
BRDA:1075,59,0,0
BRDA:1075,59,1,0
BRDA:1084,60,0,0
BRDA:1084,60,1,0
BRDA:1088,61,0,0
BRDA:1088,61,1,0
BRDA:1116,62,0,0
BRDA:1116,62,1,0
BRDA:1148,63,0,0
BRDA:1148,63,1,0
BRDA:1155,64,0,0
BRDA:1155,64,1,0
BRDA:1185,65,0,0
BRDA:1185,65,1,0
BRDA:1190,66,0,0
BRDA:1190,66,1,0
BRF:140
BRH:0
end_of_record
TN:
SF:src\utils\analytics.ts
FN:28,trackEvent
FN:48,trackScreen
FN:61,trackAppEvent
FN:77,trackFeatureUsage
FNF:4
FNH:0
FNDA:0,trackEvent
FNDA:0,trackScreen
FNDA:0,trackAppEvent
FNDA:0,trackFeatureUsage
DA:29,0
DA:30,0
DA:49,0
DA:62,0
DA:80,0
LF:5
LH:0
BRDA:29,0,0,0
BRDA:29,0,1,0
BRF:2
BRH:0
end_of_record
TN:
SF:src\utils\dailyRoutineIntegration.ts
FN:38,calculateRoutineScore
FN:58,getDailyRoutineGuidance
FN:101,getReadingSuggestions
FN:146,createDailySummary
FN:197,calculateRoutineStreak
FN:203,(anonymous_5)
FN:232,(anonymous_6)
FN:245,getMotivationalMessage
FN:272,logRoutineEvent
FNF:9
FNH:0
FNDA:0,calculateRoutineScore
FNDA:0,getDailyRoutineGuidance
FNDA:0,getReadingSuggestions
FNDA:0,createDailySummary
FNDA:0,calculateRoutineStreak
FNDA:0,(anonymous_5)
FNDA:0,(anonymous_6)
FNDA:0,getMotivationalMessage
FNDA:0,logRoutineEvent
DA:32,0
DA:39,0
DA:42,0
DA:43,0
DA:47,0
DA:48,0
DA:51,0
DA:63,0
DA:65,0
DA:66,0
DA:74,0
DA:75,0
DA:83,0
DA:84,0
DA:91,0
DA:105,0
DA:106,0
DA:108,0
DA:109,0
DA:120,0
DA:122,0
DA:123,0
DA:127,0
DA:128,0
DA:129,0
DA:133,0
DA:139,0
DA:152,0
DA:154,0
DA:155,0
DA:156,0
DA:158,0
DA:159,0
DA:160,0
DA:161,0
DA:162,0
DA:163,0
DA:164,0
DA:166,0
DA:167,0
DA:168,0
DA:172,0
DA:173,0
DA:176,0
DA:177,0
DA:182,0
DA:186,0
DA:202,0
DA:203,0
DA:207,0
DA:208,0
DA:209,0
DA:211,0
DA:213,0
DA:218,0
DA:219,0
DA:221,0
DA:222,0
DA:223,0
DA:224,0
DA:226,0
DA:231,0
DA:232,0
DA:233,0
DA:235,0
DA:246,0
DA:247,0
DA:250,0
DA:251,0
DA:254,0
DA:255,0
DA:258,0
DA:259,0
DA:262,0
DA:263,0
DA:266,0
DA:276,0
LF:77
LH:0
BRDA:42,0,0,0
BRDA:42,0,1,0
BRDA:47,1,0,0
BRDA:47,1,1,0
BRDA:65,2,0,0
BRDA:65,2,1,0
BRDA:65,3,0,0
BRDA:65,3,1,0
BRDA:74,4,0,0
BRDA:74,4,1,0
BRDA:74,5,0,0
BRDA:74,5,1,0
BRDA:83,6,0,0
BRDA:83,6,1,0
BRDA:83,7,0,0
BRDA:83,7,1,0
BRDA:108,8,0,0
BRDA:108,8,1,0
BRDA:120,9,0,0
BRDA:120,9,1,0
BRDA:127,10,0,0
BRDA:127,10,1,0
BRDA:158,11,0,0
BRDA:158,11,1,0
BRDA:162,12,0,0
BRDA:162,12,1,0
BRDA:172,13,0,0
BRDA:172,13,1,0
BRDA:176,14,0,0
BRDA:176,14,1,0
BRDA:182,15,0,0
BRDA:182,15,1,0
BRDA:209,16,0,0
BRDA:209,16,1,0
BRDA:222,17,0,0
BRDA:222,17,1,0
BRDA:233,18,0,0
BRDA:233,18,1,0
BRDA:246,19,0,0
BRDA:246,19,1,0
BRDA:250,20,0,0
BRDA:250,20,1,0
BRDA:254,21,0,0
BRDA:254,21,1,0
BRDA:258,22,0,0
BRDA:258,22,1,0
BRDA:262,23,0,0
BRDA:262,23,1,0
BRF:48
BRH:0
end_of_record
TN:
SF:src\utils\database.ts
FN:62,initDatabase
FN:72,(anonymous_1)
FN:238,getCurrentSchemaVersion
FN:261,columnExists
FN:269,(anonymous_4)
FN:285,recordMigration
FN:302,runMigrations
FN:688,clearDatabase
FN:706,(anonymous_8)
FNF:9
FNH:0
FNDA:0,initDatabase
FNDA:0,(anonymous_1)
FNDA:0,getCurrentSchemaVersion
FNDA:0,columnExists
FNDA:0,(anonymous_4)
FNDA:0,recordMigration
FNDA:0,runMigrations
FNDA:0,clearDatabase
FNDA:0,(anonymous_8)
DA:25,0
DA:26,0
DA:34,0
DA:63,0
DA:64,0
DA:65,0
DA:66,0
DA:69,0
DA:70,0
DA:72,0
DA:73,0
DA:79,0
DA:80,0
DA:84,0
DA:85,0
DA:89,0
DA:90,0
DA:95,0
DA:213,0
DA:214,0
DA:218,0
DA:219,0
DA:222,0
DA:223,0
DA:224,0
DA:225,0
DA:227,0
DA:239,0
DA:240,0
DA:243,0
DA:246,0
DA:266,0
DA:268,0
DA:269,0
DA:272,0
DA:286,0
DA:303,0
DA:305,0
DA:310,0
DA:311,0
DA:312,0
DA:316,0
DA:317,0
DA:320,0
DA:321,0
DA:322,0
DA:324,0
DA:328,0
DA:329,0
DA:330,0
DA:334,0
DA:338,0
DA:339,0
DA:340,0
DA:342,0
DA:346,0
DA:347,0
DA:351,0
DA:352,0
DA:354,0
DA:355,0
DA:356,0
DA:358,0
DA:362,0
DA:363,0
DA:367,0
DA:368,0
DA:369,0
DA:424,0
DA:425,0
DA:426,0
DA:428,0
DA:432,0
DA:433,0
DA:437,0
DA:438,0
DA:440,0
DA:441,0
DA:442,0
DA:444,0
DA:449,0
DA:450,0
DA:454,0
DA:457,0
DA:458,0
DA:462,0
DA:463,0
DA:464,0
DA:499,0
DA:500,0
DA:501,0
DA:503,0
DA:507,0
DA:508,0
DA:512,0
DA:513,0
DA:515,0
DA:516,0
DA:517,0
DA:519,0
DA:523,0
DA:524,0
DA:528,0
DA:529,0
DA:530,0
DA:563,0
DA:564,0
DA:565,0
DA:567,0
DA:571,0
DA:572,0
DA:576,0
DA:577,0
DA:578,0
DA:592,0
DA:593,0
DA:594,0
DA:596,0
DA:600,0
DA:601,0
DA:605,0
DA:606,0
DA:609,0
DA:610,0
DA:611,0
DA:615,0
DA:619,0
DA:620,0
DA:621,0
DA:623,0
DA:628,0
DA:629,0
DA:630,0
DA:634,0
DA:638,0
DA:639,0
DA:640,0
DA:642,0
DA:647,0
DA:648,0
DA:649,0
DA:653,0
DA:657,0
DA:658,0
DA:659,0
DA:661,0
DA:665,0
DA:666,0
DA:669,0
DA:689,0
DA:706,0
DA:707,0
DA:708,0
LF:153
LH:0
BRDA:64,0,0,0
BRDA:64,0,1,0
BRDA:70,1,0,0
BRDA:70,1,1,0
BRDA:243,2,0,0
BRDA:243,2,1,0
BRDA:310,3,0,0
BRDA:310,3,1,0
BRDA:316,4,0,0
BRDA:316,4,1,0
BRDA:320,5,0,0
BRDA:320,5,1,0
BRDA:328,6,0,0
BRDA:328,6,1,0
BRDA:338,7,0,0
BRDA:338,7,1,0
BRDA:351,8,0,0
BRDA:351,8,1,0
BRDA:354,9,0,0
BRDA:354,9,1,0
BRDA:367,10,0,0
BRDA:367,10,1,0
BRDA:437,11,0,0
BRDA:437,11,1,0
BRDA:440,12,0,0
BRDA:440,12,1,0
BRDA:462,13,0,0
BRDA:462,13,1,0
BRDA:512,14,0,0
BRDA:512,14,1,0
BRDA:515,15,0,0
BRDA:515,15,1,0
BRDA:528,16,0,0
BRDA:528,16,1,0
BRDA:576,17,0,0
BRDA:576,17,1,0
BRDA:605,18,0,0
BRDA:605,18,1,0
BRDA:609,19,0,0
BRDA:609,19,1,0
BRDA:619,20,0,0
BRDA:619,20,1,0
BRDA:628,21,0,0
BRDA:628,21,1,0
BRDA:638,22,0,0
BRDA:638,22,1,0
BRDA:647,23,0,0
BRDA:647,23,1,0
BRDA:657,24,0,0
BRDA:657,24,1,0
BRF:50
BRH:0
end_of_record
TN:
SF:src\utils\encryption.ts
FN:37,getRandomBytes
FN:55,generateUUID
FN:83,generateEncryptionKey
FN:86,(anonymous_3)
FN:114,getEncryptionKey
FN:137,encryptContent
FN:142,(anonymous_6)
FN:177,decryptContent
FN:222,deleteEncryptionKey
FN:238,hasEncryptionKey
FNF:10
FNH:10
FNDA:85,getRandomBytes
FNDA:16,generateUUID
FNDA:16,generateEncryptionKey
FNDA:512,(anonymous_3)
FNDA:134,getEncryptionKey
FNDA:71,encryptContent
FNDA:1088,(anonymous_6)
FNDA:49,decryptContent
FNDA:4,deleteEncryptionKey
FNDA:10,hasEncryptionKey
DA:23,1
DA:26,1
DA:38,85
DA:39,85
DA:42,0
DA:43,0
DA:56,16
DA:57,16
DA:60,0
DA:61,0
DA:84,16
DA:85,16
DA:86,512
DA:90,16
DA:91,16
DA:96,16
DA:97,15
DA:115,134
DA:138,71
DA:139,71
DA:140,69
DA:141,68
DA:142,1088
DA:144,68
DA:145,68
DA:146,68
DA:151,68
DA:152,68
DA:153,68
DA:154,68
DA:178,49
DA:179,49
DA:180,47
DA:181,47
DA:182,3
DA:184,44
DA:185,44
DA:186,41
DA:187,40
DA:188,38
DA:189,38
DA:190,38
DA:191,38
DA:192,38
DA:193,5
DA:196,35
DA:197,35
DA:198,35
DA:203,35
DA:204,35
DA:205,33
DA:223,4
DA:239,10
DA:240,9
LF:54
LH:50
BRDA:38,0,0,85
BRDA:38,0,1,0
BRDA:56,1,0,16
BRDA:56,1,1,0
BRDA:139,2,0,2
BRDA:139,2,1,69
BRDA:179,3,0,2
BRDA:179,3,1,47
BRDA:181,4,0,3
BRDA:181,4,1,44
BRDA:181,5,0,47
BRDA:181,5,1,43
BRDA:185,6,0,3
BRDA:185,6,1,41
BRDA:185,7,0,44
BRDA:185,7,1,43
BRDA:186,8,0,1
BRDA:186,8,1,40
BRDA:186,9,0,41
BRDA:186,9,1,39
BRDA:187,10,0,38
BRDA:187,10,1,2
BRDA:192,11,0,5
BRDA:192,11,1,33
BRDA:204,12,0,2
BRDA:204,12,1,33
BRDA:240,13,0,9
BRDA:240,13,1,6
BRF:28
BRH:26
end_of_record
TN:
SF:src\utils\haptics.ts
FN:22,hapticSuccess
FN:28,(anonymous_1)
FN:40,hapticError
FN:45,(anonymous_3)
FN:57,hapticWarning
FN:72,hapticSelection
FN:86,hapticImpact
FN:111,hapticCelebration
FN:117,(anonymous_8)
FN:119,(anonymous_9)
FN:121,(anonymous_10)
FN:133,hapticTick
FN:148,hapticThreshold
FNF:13
FNH:0
FNDA:0,hapticSuccess
FNDA:0,(anonymous_1)
FNDA:0,hapticError
FNDA:0,(anonymous_3)
FNDA:0,hapticWarning
FNDA:0,hapticSelection
FNDA:0,hapticImpact
FNDA:0,hapticCelebration
FNDA:0,(anonymous_8)
FNDA:0,(anonymous_9)
FNDA:0,(anonymous_10)
FNDA:0,hapticTick
FNDA:0,hapticThreshold
DA:15,0
DA:23,0
DA:25,0
DA:26,0
DA:28,0
DA:29,0
DA:41,0
DA:43,0
DA:44,0
DA:45,0
DA:46,0
DA:58,0
DA:60,0
DA:61,0
DA:73,0
DA:75,0
DA:76,0
DA:89,0
DA:91,0
DA:99,0
DA:100,0
DA:112,0
DA:114,0
DA:116,0
DA:117,0
DA:118,0
DA:119,0
DA:120,0
DA:121,0
DA:122,0
DA:134,0
DA:136,0
DA:137,0
DA:149,0
DA:151,0
DA:152,0
DA:185,0
LF:37
LH:0
BRDA:23,0,0,0
BRDA:23,0,1,0
BRDA:41,1,0,0
BRDA:41,1,1,0
BRDA:58,2,0,0
BRDA:58,2,1,0
BRDA:73,3,0,0
BRDA:73,3,1,0
BRDA:87,4,0,0
BRDA:89,5,0,0
BRDA:89,5,1,0
BRDA:112,6,0,0
BRDA:112,6,1,0
BRDA:134,7,0,0
BRDA:134,7,1,0
BRDA:149,8,0,0
BRDA:149,8,1,0
BRF:17
BRH:0
end_of_record
TN:
SF:src\utils\id.ts
FN:7,generateId
FNF:1
FNH:0
FNDA:0,generateId
DA:9,0
DA:12,0
LF:2
LH:0
BRDA:9,0,0,0
BRDA:9,0,1,0
BRDA:9,1,0,0
BRDA:9,1,1,0
BRDA:12,2,0,0
BRDA:12,2,1,0
BRF:6
BRH:0
end_of_record
TN:
SF:src\utils\logger.ts
FN:71,sanitizeData
FN:94,(anonymous_1)
FN:144,sanitizeError
FN:159,(anonymous_3)
FN:191,(anonymous_4)
FN:218,(anonymous_5)
FN:232,(anonymous_6)
FN:247,(anonymous_7)
FNF:8
FNH:0
FNDA:0,sanitizeData
FNDA:0,(anonymous_1)
FNDA:0,sanitizeError
FNDA:0,(anonymous_3)
FNDA:0,(anonymous_4)
FNDA:0,(anonymous_5)
FNDA:0,(anonymous_6)
FNDA:0,(anonymous_7)
DA:26,0
DA:34,0
DA:73,0
DA:76,0
DA:77,0
DA:80,0
DA:82,0
DA:83,0
DA:86,0
DA:87,0
DA:89,0
DA:93,0
DA:94,0
DA:98,0
DA:99,0
DA:101,0
DA:102,0
DA:104,0
DA:107,0
DA:108,0
DA:109,0
DA:113,0
DA:114,0
DA:120,0
DA:121,0
DA:125,0
DA:128,0
DA:131,0
DA:145,0
DA:146,0
DA:149,0
DA:161,0
DA:176,0
DA:192,0
DA:194,0
DA:195,0
DA:198,0
DA:201,0
DA:202,0
DA:203,0
DA:204,0
DA:219,0
DA:221,0
DA:222,0
DA:233,0
DA:235,0
DA:237,0
DA:248,0
DA:250,0
DA:252,0
LF:50
LH:0
BRDA:71,0,0,0
BRDA:73,1,0,0
BRDA:73,1,1,0
BRDA:76,2,0,0
BRDA:76,2,1,0
BRDA:76,3,0,0
BRDA:76,3,1,0
BRDA:77,4,0,0
BRDA:77,4,1,0
BRDA:77,5,0,0
BRDA:77,5,1,0
BRDA:80,6,0,0
BRDA:80,6,1,0
BRDA:82,7,0,0
BRDA:82,7,1,0
BRDA:86,8,0,0
BRDA:86,8,1,0
BRDA:93,9,0,0
BRDA:93,9,1,0
BRDA:98,10,0,0
BRDA:98,10,1,0
BRDA:102,11,0,0
BRDA:102,11,1,0
BRDA:107,12,0,0
BRDA:107,12,1,0
BRDA:114,13,0,0
BRDA:114,13,1,0
BRDA:115,14,0,0
BRDA:115,14,1,0
BRDA:115,14,2,0
BRDA:115,14,3,0
BRDA:145,15,0,0
BRDA:145,15,1,0
BRDA:156,16,0,0
BRDA:156,16,1,0
BRDA:192,17,0,0
BRDA:192,17,1,0
BRDA:194,18,0,0
BRDA:194,18,1,0
BRDA:201,19,0,0
BRDA:201,19,1,0
BRDA:201,20,0,0
BRDA:201,20,1,0
BRDA:204,21,0,0
BRDA:204,21,1,0
BRDA:221,22,0,0
BRDA:221,22,1,0
BRDA:235,23,0,0
BRDA:235,23,1,0
BRDA:250,24,0,0
BRDA:250,24,1,0
BRF:51
BRH:0
end_of_record
TN:
SF:src\utils\logoutCleanup.ts
FN:50,performLogoutCleanup
FNF:1
FNH:0
FNDA:0,performLogoutCleanup
DA:51,0
DA:53,0
DA:55,0
DA:56,0
DA:58,0
DA:59,0
DA:62,0
DA:64,0
DA:65,0
DA:67,0
DA:68,0
DA:71,0
DA:73,0
DA:74,0
DA:75,0
DA:77,0
DA:80,0
DA:81,0
DA:84,0
DA:86,0
DA:87,0
DA:88,0
DA:89,0
DA:92,0
DA:93,0
DA:96,0
DA:98,0
DA:99,0
DA:100,0
DA:101,0
DA:104,0
DA:105,0
DA:108,0
DA:109,0
DA:113,0
LF:35
LH:0
BRDA:50,0,0,0
BRDA:59,1,0,0
BRDA:59,1,1,0
BRDA:68,2,0,0
BRDA:68,2,1,0
BRDA:73,3,0,0
BRDA:73,3,1,0
BRDA:81,4,0,0
BRDA:81,4,1,0
BRDA:86,5,0,0
BRDA:86,5,1,0
BRDA:93,6,0,0
BRDA:93,6,1,0
BRDA:98,7,0,0
BRDA:98,7,1,0
BRDA:105,8,0,0
BRDA:105,8,1,0
BRDA:108,9,0,0
BRDA:108,9,1,0
BRF:19
BRH:0
end_of_record
TN:
SF:src\utils\navigationHelper.ts
FN:34,navigateToPath
FN:161,useRouterCompat
FN:163,(anonymous_2)
FN:164,(anonymous_3)
FN:165,(anonymous_4)
FN:170,(anonymous_5)
FN:189,useSegmentsCompat
FN:190,(anonymous_7)
FNF:8
FNH:0
FNDA:0,navigateToPath
FNDA:0,useRouterCompat
FNDA:0,(anonymous_2)
FNDA:0,(anonymous_3)
FNDA:0,(anonymous_4)
FNDA:0,(anonymous_5)
FNDA:0,useSegmentsCompat
FNDA:0,(anonymous_7)
DA:35,0
DA:36,0
DA:37,0
DA:41,0
DA:43,0
DA:45,0
DA:48,0
DA:54,0
DA:64,0
DA:70,0
DA:71,0
DA:75,0
DA:81,0
DA:85,0
DA:91,0
DA:96,0
DA:102,0
DA:106,0
DA:107,0
DA:108,0
DA:115,0
DA:117,0
DA:123,0
DA:126,0
DA:132,0
DA:136,0
DA:138,0
DA:162,0
DA:163,0
DA:164,0
DA:166,0
DA:167,0
DA:170,0
DA:190,0
DA:191,0
DA:193,0
DA:194,0
DA:197,0
DA:198,0
DA:199,0
DA:203,0
DA:206,0
DA:209,0
DA:210,0
DA:215,0
DA:216,0
DA:219,0
DA:222,0
LF:48
LH:0
BRDA:35,0,0,0
BRDA:35,0,1,0
BRDA:45,1,0,0
BRDA:45,1,1,0
BRDA:45,1,2,0
BRDA:45,1,3,0
BRDA:45,1,4,0
BRDA:45,1,5,0
BRDA:45,1,6,0
BRDA:45,1,7,0
BRDA:45,1,8,0
BRDA:45,1,9,0
BRDA:45,1,10,0
BRDA:45,1,11,0
BRDA:106,2,0,0
BRDA:106,2,1,0
BRDA:115,3,0,0
BRDA:115,3,1,0
BRDA:115,4,0,0
BRDA:115,4,1,0
BRDA:166,5,0,0
BRDA:166,5,1,0
BRDA:191,6,0,0
BRDA:191,6,1,0
BRDA:198,7,0,0
BRDA:198,7,1,0
BRDA:203,8,0,0
BRDA:203,8,1,0
BRDA:209,9,0,0
BRDA:209,9,1,0
BRDA:222,10,0,0
BRDA:222,10,1,0
BRF:32
BRH:0
end_of_record
TN:
SF:src\utils\theme.ts
FNF:0
FNH:0
DA:17,0
DA:55,0
LF:2
LH:0
BRF:0
BRH:0
end_of_record
TN:
SF:src\utils\validation.ts
FN:21,validateEmail
FN:74,validatePassword
FN:115,formatDate
FN:136,calculateDaysSober
FNF:4
FNH:0
FNDA:0,validateEmail
FNDA:0,validatePassword
FNDA:0,formatDate
FNDA:0,calculateDaysSober
DA:22,0
DA:23,0
DA:26,0
DA:29,0
DA:30,0
DA:31,0
DA:35,0
DA:38,0
DA:39,0
DA:43,0
DA:44,0
DA:48,0
DA:49,0
DA:52,0
DA:78,0
DA:79,0
DA:84,0
DA:86,0
DA:87,0
DA:89,0
DA:90,0
DA:92,0
DA:93,0
DA:95,0
DA:96,0
DA:99,0
DA:116,0
DA:117,0
DA:119,0
DA:137,0
DA:138,0
DA:140,0
DA:141,0
DA:142,0
DA:143,0
LF:35
LH:0
BRDA:22,0,0,0
BRDA:22,0,1,0
BRDA:22,1,0,0
BRDA:22,1,1,0
BRDA:30,2,0,0
BRDA:30,2,1,0
BRDA:38,3,0,0
BRDA:38,3,1,0
BRDA:38,4,0,0
BRDA:38,4,1,0
BRDA:43,5,0,0
BRDA:43,5,1,0
BRDA:43,6,0,0
BRDA:43,6,1,0
BRDA:48,7,0,0
BRDA:48,7,1,0
BRDA:48,8,0,0
BRDA:48,8,1,0
BRDA:78,9,0,0
BRDA:78,9,1,0
BRDA:78,10,0,0
BRDA:78,10,1,0
BRDA:86,11,0,0
BRDA:86,11,1,0
BRDA:89,12,0,0
BRDA:89,12,1,0
BRDA:92,13,0,0
BRDA:92,13,1,0
BRDA:95,14,0,0
BRDA:95,14,1,0
BRDA:116,15,0,0
BRDA:116,15,1,0
BRDA:116,16,0,0
BRDA:116,16,1,0
BRDA:137,17,0,0
BRDA:137,17,1,0
BRDA:137,18,0,0
BRDA:137,18,1,0
BRF:38
BRH:0
end_of_record
