TN:
SF:src\contexts\AuthContext.tsx
FN:28,AuthProvider
FN:38,(anonymous_1)
FN:39,(anonymous_2)
FN:58,(anonymous_3)
FN:67,(anonymous_4)
FN:81,(anonymous_5)
FN:95,(anonymous_6)
FN:104,(anonymous_7)
FN:107,(anonymous_8)
FN:108,(anonymous_9)
FN:111,(anonymous_10)
FN:112,(anonymous_11)
FN:131,(anonymous_12)
FN:140,(anonymous_13)
FN:143,(anonymous_14)
FN:147,(anonymous_15)
FN:148,(anonymous_16)
FN:165,(anonymous_17)
FN:174,(anonymous_18)
FN:177,(anonymous_19)
FN:181,(anonymous_20)
FN:182,(anonymous_21)
FN:190,(anonymous_22)
FN:193,(anonymous_23)
FN:197,(anonymous_24)
FN:198,(anonymous_25)
FN:203,(anonymous_26)
FN:206,(anonymous_27)
FN:222,useAuth
FNF:29
FNH:0
FNDA:0,AuthProvider
FNDA:0,(anonymous_1)
FNDA:0,(anonymous_2)
FNDA:0,(anonymous_3)
FNDA:0,(anonymous_4)
FNDA:0,(anonymous_5)
FNDA:0,(anonymous_6)
FNDA:0,(anonymous_7)
FNDA:0,(anonymous_8)
FNDA:0,(anonymous_9)
FNDA:0,(anonymous_10)
FNDA:0,(anonymous_11)
FNDA:0,(anonymous_12)
FNDA:0,(anonymous_13)
FNDA:0,(anonymous_14)
FNDA:0,(anonymous_15)
FNDA:0,(anonymous_16)
FNDA:0,(anonymous_17)
FNDA:0,(anonymous_18)
FNDA:0,(anonymous_19)
FNDA:0,(anonymous_20)
FNDA:0,(anonymous_21)
FNDA:0,(anonymous_22)
FNDA:0,(anonymous_23)
FNDA:0,(anonymous_24)
FNDA:0,(anonymous_25)
FNDA:0,(anonymous_26)
FNDA:0,(anonymous_27)
FNDA:0,useAuth
DA:26,0
DA:29,0
DA:30,0
DA:38,0
DA:39,0
DA:40,0
DA:44,0
DA:47,0
DA:48,0
DA:49,0
DA:51,0
DA:56,0
DA:58,0
DA:67,0
DA:76,0
DA:81,0
DA:82,0
DA:84,0
DA:85,0
DA:87,0
DA:90,0
DA:93,0
DA:95,0
DA:104,0
DA:107,0
DA:108,0
DA:111,0
DA:112,0
DA:113,0
DA:114,0
DA:118,0
DA:120,0
DA:121,0
DA:122,0
DA:127,0
DA:130,0
DA:131,0
DA:140,0
DA:141,0
DA:143,0
DA:147,0
DA:148,0
DA:149,0
DA:150,0
DA:154,0
DA:156,0
DA:157,0
DA:158,0
DA:159,0
DA:161,0
DA:164,0
DA:165,0
DA:174,0
DA:175,0
DA:177,0
DA:181,0
DA:182,0
DA:183,0
DA:185,0
DA:187,0
DA:188,0
DA:190,0
DA:191,0
DA:193,0
DA:197,0
DA:198,0
DA:199,0
DA:200,0
DA:201,0
DA:203,0
DA:204,0
DA:206,0
DA:210,0
DA:219,0
DA:223,0
DA:224,0
DA:225,0
DA:227,0
LF:78
LH:0
BRDA:47,0,0,0
BRDA:47,0,1,0
BRDA:47,1,0,0
BRDA:47,1,1,0
BRDA:56,2,0,0
BRDA:56,2,1,0
BRDA:60,3,0,0
BRDA:60,3,1,0
BRDA:61,4,0,0
BRDA:61,4,1,0
BRDA:61,4,2,0
BRDA:64,5,0,0
BRDA:64,5,1,0
BRDA:84,6,0,0
BRDA:84,6,1,0
BRDA:84,7,0,0
BRDA:84,7,1,0
BRDA:93,8,0,0
BRDA:93,8,1,0
BRDA:98,9,0,0
BRDA:98,9,1,0
BRDA:118,10,0,0
BRDA:118,10,1,0
BRDA:120,11,0,0
BRDA:120,11,1,0
BRDA:120,12,0,0
BRDA:120,12,1,0
BRDA:154,13,0,0
BRDA:154,13,1,0
BRDA:157,14,0,0
BRDA:157,14,1,0
BRDA:157,15,0,0
BRDA:157,15,1,0
BRDA:185,16,0,0
BRDA:185,16,1,0
BRDA:185,17,0,0
BRDA:185,17,1,0
BRDA:188,18,0,0
BRDA:188,18,1,0
BRDA:201,19,0,0
BRDA:201,19,1,0
BRDA:224,20,0,0
BRDA:224,20,1,0
BRF:43
BRH:0
end_of_record
TN:
SF:src\contexts\DatabaseContext.tsx
FN:17,useDatabase
FN:30,DatabaseProvider
FN:43,MobileDatabaseProvider
FN:52,(anonymous_3)
FN:55,loadSQLite
FN:59,(anonymous_5)
FN:60,(anonymous_6)
FN:66,(anonymous_7)
FN:79,(anonymous_8)
FN:105,(anonymous_9)
FN:127,WebDatabaseProvider
FN:131,(anonymous_11)
FN:132,setupAdapter
FNF:13
FNH:0
FNDA:0,useDatabase
FNDA:0,DatabaseProvider
FNDA:0,MobileDatabaseProvider
FNDA:0,(anonymous_3)
FNDA:0,loadSQLite
FNDA:0,(anonymous_5)
FNDA:0,(anonymous_6)
FNDA:0,(anonymous_7)
FNDA:0,(anonymous_8)
FNDA:0,(anonymous_9)
FNDA:0,WebDatabaseProvider
FNDA:0,(anonymous_11)
FNDA:0,setupAdapter
DA:12,0
DA:18,0
DA:31,0
DA:32,0
DA:36,0
DA:44,0
DA:45,0
DA:46,0
DA:52,0
DA:53,0
DA:56,0
DA:58,0
DA:59,0
DA:60,0
DA:63,0
DA:65,0
DA:66,0
DA:67,0
DA:70,0
DA:71,0
DA:72,0
DA:77,0
DA:79,0
DA:80,0
DA:85,0
DA:86,0
DA:88,0
DA:96,0
DA:97,0
DA:100,0
DA:102,0
DA:106,0
DA:107,0
DA:108,0
DA:109,0
DA:110,0
DA:112,0
DA:113,0
DA:128,0
DA:129,0
DA:131,0
DA:133,0
DA:134,0
DA:135,0
DA:136,0
DA:137,0
DA:138,0
DA:139,0
DA:141,0
DA:142,0
DA:144,0
DA:147,0
DA:150,0
DA:151,0
DA:154,0
LF:55
LH:0
BRDA:31,0,0,0
BRDA:31,0,1,0
BRDA:65,1,0,0
BRDA:65,1,1,0
BRDA:71,2,0,0
BRDA:71,2,1,0
BRDA:72,3,0,0
BRDA:72,3,1,0
BRDA:85,4,0,0
BRDA:85,4,1,0
BRDA:96,5,0,0
BRDA:96,5,1,0
BRDA:113,6,0,0
BRDA:113,6,1,0
BRDA:150,7,0,0
BRDA:150,7,1,0
BRF:16
BRH:0
end_of_record
TN:
SF:src\contexts\NotificationContext.tsx
FN:39,NotificationProvider
FN:49,(anonymous_1)
FN:64,(anonymous_2)
FN:86,(anonymous_3)
FN:98,(anonymous_4)
FN:116,(anonymous_5)
FN:134,(anonymous_6)
FN:149,(anonymous_7)
FN:156,handleInitialNotification
FN:159,(anonymous_9)
FN:181,(anonymous_10)
FN:202,useNotifications
FNF:12
FNH:0
FNDA:0,NotificationProvider
FNDA:0,(anonymous_1)
FNDA:0,(anonymous_2)
FNDA:0,(anonymous_3)
FNDA:0,(anonymous_4)
FNDA:0,(anonymous_5)
FNDA:0,(anonymous_6)
FNDA:0,(anonymous_7)
FNDA:0,handleInitialNotification
FNDA:0,(anonymous_9)
FNDA:0,(anonymous_10)
FNDA:0,useNotifications
DA:37,0
DA:41,0
DA:42,0
DA:43,0
DA:44,0
DA:49,0
DA:50,0
DA:51,0
DA:52,0
DA:53,0
DA:55,0
DA:57,0
DA:64,0
DA:65,0
DA:66,0
DA:67,0
DA:68,0
DA:70,0
DA:71,0
DA:74,0
DA:76,0
DA:77,0
DA:79,0
DA:86,0
DA:87,0
DA:98,0
DA:99,0
DA:101,0
DA:108,0
DA:109,0
DA:116,0
DA:117,0
DA:119,0
DA:122,0
DA:127,0
DA:134,0
DA:135,0
DA:137,0
DA:138,0
DA:139,0
DA:142,0
DA:149,0
DA:150,0
DA:151,0
DA:154,0
DA:157,0
DA:159,0
DA:161,0
DA:163,0
DA:165,0
DA:166,0
DA:170,0
DA:171,0
DA:172,0
DA:175,0
DA:179,0
DA:181,0
DA:182,0
DA:186,0
DA:196,0
DA:203,0
DA:204,0
DA:205,0
DA:207,0
LF:64
LH:0
BRDA:70,0,0,0
BRDA:70,0,1,0
BRDA:117,1,0,0
BRDA:117,1,1,0
BRDA:135,2,0,0
BRDA:135,2,1,0
BRDA:150,3,0,0
BRDA:150,3,1,0
BRDA:161,4,0,0
BRDA:161,4,1,0
BRDA:165,5,0,0
BRDA:165,5,1,0
BRDA:204,6,0,0
BRDA:204,6,1,0
BRF:14
BRH:0
end_of_record
TN:
SF:src\contexts\SyncContext.tsx
FN:27,SyncProvider
FN:33,(anonymous_1)
FN:46,(anonymous_2)
FN:49,(anonymous_3)
FN:52,(anonymous_4)
FN:66,(anonymous_5)
FN:75,(anonymous_6)
FN:82,(anonymous_7)
FN:91,(anonymous_8)
FN:104,(anonymous_9)
FN:116,(anonymous_10)
FN:128,(anonymous_11)
FN:140,(anonymous_12)
FN:150,(anonymous_13)
FN:154,(anonymous_14)
FN:155,(anonymous_15)
FN:162,(anonymous_16)
FN:168,(anonymous_17)
FN:171,(anonymous_18)
FN:173,(anonymous_19)
FN:180,(anonymous_20)
FN:182,(anonymous_21)
FN:188,(anonymous_22)
FN:194,(anonymous_23)
FN:212,(anonymous_24)
FN:223,(anonymous_25)
FN:230,(anonymous_26)
FN:238,(anonymous_27)
FN:245,(anonymous_28)
FN:257,(anonymous_29)
FN:262,(anonymous_30)
FN:271,(anonymous_31)
FN:276,(anonymous_32)
FN:283,(anonymous_33)
FN:296,useSync
FNF:35
FNH:18
FNDA:32,SyncProvider
FNDA:0,(anonymous_1)
FNDA:27,(anonymous_2)
FNDA:27,(anonymous_3)
FNDA:29,(anonymous_4)
FNDA:0,(anonymous_5)
FNDA:17,(anonymous_6)
FNDA:16,(anonymous_7)
FNDA:3,(anonymous_8)
FNDA:0,(anonymous_9)
FNDA:0,(anonymous_10)
FNDA:0,(anonymous_11)
FNDA:0,(anonymous_12)
FNDA:27,(anonymous_13)
FNDA:0,(anonymous_14)
FNDA:0,(anonymous_15)
FNDA:27,(anonymous_16)
FNDA:0,(anonymous_17)
FNDA:0,(anonymous_18)
FNDA:0,(anonymous_19)
FNDA:0,(anonymous_20)
FNDA:0,(anonymous_21)
FNDA:0,(anonymous_22)
FNDA:12,(anonymous_23)
FNDA:0,(anonymous_24)
FNDA:27,(anonymous_25)
FNDA:27,(anonymous_26)
FNDA:1,(anonymous_27)
FNDA:17,(anonymous_28)
FNDA:27,(anonymous_29)
FNDA:0,(anonymous_30)
FNDA:0,(anonymous_31)
FNDA:1,(anonymous_32)
FNDA:18,(anonymous_33)
FNDA:34,useSync
DA:23,1
DA:25,1
DA:28,32
DA:29,32
DA:30,32
DA:31,32
DA:32,32
DA:33,32
DA:34,32
DA:35,32
DA:37,32
DA:46,32
DA:47,27
DA:49,32
DA:50,27
DA:52,32
DA:53,29
DA:54,29
DA:56,29
DA:57,2
DA:60,29
DA:62,29
DA:63,2
DA:64,2
DA:66,0
DA:67,0
DA:75,32
DA:76,17
DA:78,17
DA:79,17
DA:82,16
DA:84,1
DA:91,32
DA:92,3
DA:93,1
DA:94,0
DA:97,2
DA:98,1
DA:99,0
DA:102,1
DA:103,1
DA:104,0
DA:108,0
DA:111,0
DA:112,0
DA:113,0
DA:116,0
DA:117,0
DA:119,0
DA:120,0
DA:121,0
DA:123,0
DA:128,0
DA:134,0
DA:137,0
DA:139,0
DA:140,0
DA:145,0
DA:150,32
DA:151,27
DA:154,32
DA:155,0
DA:162,32
DA:164,27
DA:166,0
DA:167,0
DA:168,0
DA:171,0
DA:172,0
DA:173,0
DA:174,0
DA:175,0
DA:176,0
DA:180,0
DA:181,0
DA:182,0
DA:185,0
DA:186,0
DA:188,0
DA:189,0
DA:190,0
DA:194,27
DA:195,12
DA:196,12
DA:197,12
DA:200,12
DA:201,1
DA:204,11
DA:205,11
DA:207,11
DA:212,0
DA:213,0
DA:217,0
DA:218,0
DA:219,0
DA:223,27
DA:230,32
DA:231,27
DA:234,17
DA:238,17
DA:239,1
DA:240,0
DA:241,0
DA:245,17
DA:246,17
DA:247,17
DA:248,17
DA:257,32
DA:258,27
DA:260,18
DA:262,0
DA:263,0
DA:264,0
DA:265,0
DA:269,0
DA:271,0
DA:272,0
DA:276,18
DA:277,1
DA:278,0
DA:279,0
DA:283,18
DA:287,32
DA:293,32
DA:297,34
DA:298,34
DA:299,2
DA:301,32
LF:128
LH:73
BRDA:54,0,0,29
BRDA:54,0,1,11
BRDA:56,1,0,2
BRDA:56,1,1,27
BRDA:56,2,0,29
BRDA:56,2,1,2
BRDA:62,3,0,2
BRDA:62,3,1,27
BRDA:62,4,0,29
BRDA:62,4,1,2
BRDA:62,4,2,2
BRDA:62,4,3,2
BRDA:76,5,0,0
BRDA:76,5,1,17
BRDA:76,6,0,17
BRDA:76,6,1,17
BRDA:76,6,2,17
BRDA:82,7,0,16
BRDA:82,7,1,15
BRDA:92,8,0,1
BRDA:92,8,1,2
BRDA:97,9,0,1
BRDA:97,9,1,1
BRDA:97,10,0,2
BRDA:97,10,1,1
BRDA:102,11,0,1
BRDA:102,11,1,0
BRDA:111,12,0,0
BRDA:111,12,1,0
BRDA:132,13,0,0
BRDA:132,13,1,0
BRDA:143,14,0,0
BRDA:143,14,1,0
BRDA:164,15,0,0
BRDA:164,15,1,27
BRDA:166,16,0,0
BRDA:166,16,1,0
BRDA:174,17,0,0
BRDA:174,17,1,0
BRDA:197,18,0,12
BRDA:197,18,1,12
BRDA:200,19,0,1
BRDA:200,19,1,11
BRDA:213,20,0,0
BRDA:213,20,1,0
BRDA:217,21,0,0
BRDA:217,21,1,0
BRDA:217,22,0,0
BRDA:217,22,1,0
BRDA:217,22,2,0
BRDA:231,23,0,10
BRDA:231,23,1,17
BRDA:231,24,0,27
BRDA:231,24,1,18
BRDA:231,24,2,17
BRDA:239,25,0,0
BRDA:239,25,1,1
BRDA:239,26,0,1
BRDA:239,26,1,0
BRDA:246,27,0,17
BRDA:246,27,1,0
BRDA:258,28,0,9
BRDA:258,28,1,18
BRDA:260,29,0,0
BRDA:260,29,1,18
BRDA:263,30,0,0
BRDA:263,30,1,0
BRDA:263,31,0,0
BRDA:263,31,1,0
BRDA:263,31,2,0
BRDA:277,32,0,0
BRDA:277,32,1,1
BRDA:277,33,0,1
BRDA:277,33,1,1
BRDA:277,33,2,0
BRDA:298,34,0,2
BRDA:298,34,1,32
BRF:77
BRH:46
end_of_record
TN:
SF:src\contexts\index.ts
FNF:0
FNH:0
LF:0
LH:0
BRF:0
BRH:0
end_of_record
TN:
SF:src\features\home\hooks\useCheckIns.ts
FN:22,decryptCheckIn
FN:59,useTodayCheckIns
FN:70,(anonymous_2)
FN:81,(anonymous_3)
FN:82,(anonymous_4)
FN:104,useCreateCheckIn
FN:119,(anonymous_6)
FN:169,(anonymous_7)
FN:184,useUpdateCheckIn
FN:195,(anonymous_9)
FN:248,(anonymous_10)
FN:256,(anonymous_11)
FN:264,useDeleteCheckIn
FN:272,(anonymous_13)
FN:287,(anonymous_14)
FN:303,useStreak
FN:313,(anonymous_16)
FN:322,(anonymous_17)
FNF:18
FNH:15
FNDA:5,decryptCheckIn
FNDA:10,useTodayCheckIns
FNDA:5,(anonymous_2)
FNDA:3,(anonymous_3)
FNDA:4,(anonymous_4)
FNDA:16,useCreateCheckIn
FNDA:8,(anonymous_6)
FNDA:0,(anonymous_7)
FNDA:7,useUpdateCheckIn
FNDA:4,(anonymous_9)
FNDA:0,(anonymous_10)
FNDA:4,(anonymous_11)
FNDA:5,useDeleteCheckIn
FNDA:3,(anonymous_13)
FNDA:0,(anonymous_14)
FNDA:10,useStreak
FNDA:5,(anonymous_16)
FNDA:12,(anonymous_17)
DA:25,5
DA:28,4
DA:31,4
DA:34,4
DA:37,4
DA:41,4
DA:65,10
DA:66,10
DA:68,10
DA:71,5
DA:72,0
DA:74,5
DA:75,5
DA:80,5
DA:81,4
DA:82,4
DA:84,4
DA:86,1
DA:87,0
DA:93,10
DA:115,16
DA:116,16
DA:118,16
DA:127,8
DA:129,8
DA:130,8
DA:131,8
DA:132,8
DA:134,8
DA:135,8
DA:137,8
DA:139,8
DA:140,8
DA:142,8
DA:161,7
DA:163,7
DA:165,8
DA:166,0
DA:170,0
DA:171,0
DA:175,16
DA:191,7
DA:192,7
DA:194,7
DA:202,4
DA:204,4
DA:205,4
DA:206,4
DA:207,4
DA:209,4
DA:210,2
DA:211,2
DA:213,4
DA:214,0
DA:215,0
DA:217,4
DA:218,3
DA:219,3
DA:221,4
DA:222,0
DA:223,0
DA:226,4
DA:227,4
DA:228,4
DA:229,4
DA:231,4
DA:232,4
DA:234,4
DA:240,3
DA:242,3
DA:244,4
DA:245,0
DA:249,0
DA:250,0
DA:251,0
DA:255,7
DA:256,4
DA:268,5
DA:269,5
DA:271,5
DA:273,3
DA:275,3
DA:278,3
DA:280,3
DA:281,2
DA:283,3
DA:284,0
DA:288,0
DA:289,0
DA:290,0
DA:294,5
DA:309,10
DA:311,10
DA:314,5
DA:316,5
DA:317,5
DA:322,12
DA:323,4
DA:324,4
DA:325,4
DA:327,4
DA:328,4
DA:330,4
DA:331,12
DA:332,12
DA:334,12
DA:335,9
DA:336,9
DA:337,3
DA:339,9
DA:341,3
DA:342,3
DA:343,3
DA:344,3
DA:348,4
DA:350,4
DA:356,1
DA:357,0
DA:362,10
LF:119
LH:101
BRDA:25,0,0,3
BRDA:25,0,1,2
BRDA:28,1,0,2
BRDA:28,1,1,2
BRDA:31,2,0,4
BRDA:31,2,1,0
BRDA:34,3,0,2
BRDA:34,3,1,2
BRDA:37,4,0,0
BRDA:37,4,1,4
BRDA:71,5,0,0
BRDA:71,5,1,5
BRDA:71,6,0,5
BRDA:71,6,1,5
BRDA:81,7,0,4
BRDA:81,7,1,2
BRDA:82,8,0,4
BRDA:82,8,1,2
BRDA:90,9,0,10
BRDA:90,9,1,10
BRDA:94,10,0,10
BRDA:94,10,1,8
BRDA:95,11,0,10
BRDA:95,11,1,8
BRDA:127,12,0,0
BRDA:127,12,1,8
BRDA:134,13,0,5
BRDA:134,13,1,3
BRDA:135,14,0,2
BRDA:135,14,1,6
BRDA:137,15,0,8
BRDA:137,15,1,0
BRDA:139,16,0,1
BRDA:139,16,1,7
BRDA:140,17,0,0
BRDA:140,17,1,8
BRDA:202,18,0,0
BRDA:202,18,1,4
BRDA:209,19,0,2
BRDA:209,19,1,2
BRDA:211,20,0,1
BRDA:211,20,1,1
BRDA:213,21,0,0
BRDA:213,21,1,4
BRDA:215,22,0,0
BRDA:215,22,1,0
BRDA:217,23,0,3
BRDA:217,23,1,1
BRDA:221,24,0,0
BRDA:221,24,1,4
BRDA:273,25,0,0
BRDA:273,25,1,3
BRDA:314,26,0,0
BRDA:314,26,1,5
BRDA:334,27,0,9
BRDA:334,27,1,3
BRDA:336,28,0,3
BRDA:336,28,1,6
BRDA:336,29,0,9
BRDA:336,29,1,3
BRDA:336,29,2,6
BRDA:363,30,0,10
BRDA:363,30,1,7
BRDA:364,31,0,10
BRDA:364,31,1,7
BRDA:365,32,0,10
BRDA:365,32,1,7
BRF:67
BRH:54
end_of_record
TN:
SF:src\features\home\hooks\useCleanTime.ts
FN:53,calculateCleanTime
FN:79,useCleanTime
FN:93,(anonymous_2)
FN:108,(anonymous_3)
FN:109,(anonymous_4)
FN:140,useMilestones
FN:152,(anonymous_6)
FN:155,(anonymous_7)
FN:180,(anonymous_8)
FN:194,(anonymous_9)
FN:202,(anonymous_10)
FN:203,(anonymous_11)
FNF:12
FNH:0
FNDA:0,calculateCleanTime
FNDA:0,useCleanTime
FNDA:0,(anonymous_2)
FNDA:0,(anonymous_3)
FNDA:0,(anonymous_4)
FNDA:0,useMilestones
FNDA:0,(anonymous_6)
FNDA:0,(anonymous_7)
FNDA:0,(anonymous_8)
FNDA:0,(anonymous_9)
FNDA:0,(anonymous_10)
FNDA:0,(anonymous_11)
DA:13,0
DA:59,0
DA:60,0
DA:61,0
DA:63,0
DA:64,0
DA:65,0
DA:66,0
DA:68,0
DA:89,0
DA:91,0
DA:94,0
DA:95,0
DA:97,0
DA:98,0
DA:103,0
DA:104,0
DA:107,0
DA:108,0
DA:109,0
DA:111,0
DA:117,0
DA:118,0
DA:125,0
DA:145,0
DA:146,0
DA:147,0
DA:152,0
DA:153,0
DA:155,0
DA:156,0
DA:157,0
DA:162,0
DA:163,0
DA:167,0
DA:168,0
DA:170,0
DA:171,0
DA:173,0
DA:177,0
DA:180,0
DA:181,0
DA:183,0
DA:184,0
DA:189,0
DA:190,0
DA:193,0
DA:194,0
DA:197,0
DA:202,0
DA:203,0
DA:206,0
DA:207,0
DA:208,0
DA:210,0
DA:215,0
DA:218,0
DA:221,0
DA:223,0
DA:224,0
DA:228,0
LF:61
LH:0
BRDA:94,0,0,0
BRDA:94,0,1,0
BRDA:94,1,0,0
BRDA:94,1,1,0
BRDA:103,2,0,0
BRDA:103,2,1,0
BRDA:108,3,0,0
BRDA:108,3,1,0
BRDA:121,4,0,0
BRDA:121,4,1,0
BRDA:126,5,0,0
BRDA:126,5,1,0
BRDA:127,6,0,0
BRDA:127,6,1,0
BRDA:128,7,0,0
BRDA:128,7,1,0
BRDA:129,8,0,0
BRDA:129,8,1,0
BRDA:130,9,0,0
BRDA:130,9,1,0
BRDA:131,10,0,0
BRDA:131,10,1,0
BRDA:153,11,0,0
BRDA:153,11,1,0
BRDA:153,12,0,0
BRDA:153,12,1,0
BRDA:162,13,0,0
BRDA:162,13,1,0
BRDA:181,14,0,0
BRDA:181,14,1,0
BRDA:189,15,0,0
BRDA:189,15,1,0
BRF:32
BRH:0
end_of_record
TN:
SF:src\features\journal\hooks\useJournalEntries.ts
FN:13,decryptJournalEntry
FN:42,useJournalEntries
FN:56,(anonymous_2)
FN:80,(anonymous_3)
FN:89,useCreateJournalEntry
FN:102,(anonymous_5)
FN:149,(anonymous_6)
FN:163,useUpdateJournalEntry
FN:179,(anonymous_8)
FN:245,(anonymous_9)
FN:251,(anonymous_10)
FN:259,useDeleteJournalEntry
FN:267,(anonymous_12)
FN:282,(anonymous_13)
FNF:14
FNH:0
FNDA:0,decryptJournalEntry
FNDA:0,useJournalEntries
FNDA:0,(anonymous_2)
FNDA:0,(anonymous_3)
FNDA:0,useCreateJournalEntry
FNDA:0,(anonymous_5)
FNDA:0,(anonymous_6)
FNDA:0,useUpdateJournalEntry
FNDA:0,(anonymous_8)
FNDA:0,(anonymous_9)
FNDA:0,(anonymous_10)
FNDA:0,useDeleteJournalEntry
FNDA:0,(anonymous_12)
FNDA:0,(anonymous_13)
DA:14,0
DA:15,0
DA:16,0
DA:19,0
DA:22,0
DA:24,0
DA:48,0
DA:54,0
DA:57,0
DA:58,0
DA:60,0
DA:61,0
DA:66,0
DA:67,0
DA:69,0
DA:70,0
DA:76,0
DA:81,0
DA:98,0
DA:99,0
DA:101,0
DA:108,0
DA:109,0
DA:110,0
DA:112,0
DA:113,0
DA:115,0
DA:117,0
DA:119,0
DA:121,0
DA:123,0
DA:141,0
DA:143,0
DA:145,0
DA:146,0
DA:150,0
DA:154,0
DA:175,0
DA:176,0
DA:178,0
DA:191,0
DA:192,0
DA:193,0
DA:194,0
DA:196,0
DA:197,0
DA:198,0
DA:200,0
DA:201,0
DA:202,0
DA:204,0
DA:205,0
DA:206,0
DA:208,0
DA:209,0
DA:210,0
DA:214,0
DA:215,0
DA:216,0
DA:221,0
DA:222,0
DA:223,0
DA:224,0
DA:226,0
DA:227,0
DA:229,0
DA:231,0
DA:237,0
DA:239,0
DA:241,0
DA:242,0
DA:246,0
DA:250,0
DA:251,0
DA:263,0
DA:264,0
DA:266,0
DA:268,0
DA:270,0
DA:273,0
DA:275,0
DA:276,0
DA:278,0
DA:279,0
DA:283,0
DA:287,0
LF:86
LH:0
BRDA:14,0,0,0
BRDA:14,0,1,0
BRDA:16,1,0,0
BRDA:16,1,1,0
BRDA:19,2,0,0
BRDA:19,2,1,0
BRDA:22,3,0,0
BRDA:22,3,1,0
BRDA:50,4,0,0
BRDA:57,5,0,0
BRDA:57,5,1,0
BRDA:57,6,0,0
BRDA:57,6,1,0
BRDA:73,7,0,0
BRDA:73,7,1,0
BRDA:112,8,0,0
BRDA:112,8,1,0
BRDA:115,9,0,0
BRDA:115,9,1,0
BRDA:117,10,0,0
BRDA:117,10,1,0
BRDA:119,11,0,0
BRDA:119,11,1,0
BRDA:121,12,0,0
BRDA:121,12,1,0
BRDA:196,13,0,0
BRDA:196,13,1,0
BRDA:198,14,0,0
BRDA:198,14,1,0
BRDA:200,15,0,0
BRDA:200,15,1,0
BRDA:204,16,0,0
BRDA:204,16,1,0
BRDA:206,17,0,0
BRDA:206,17,1,0
BRDA:208,18,0,0
BRDA:208,18,1,0
BRDA:211,19,0,0
BRDA:211,19,1,0
BRDA:214,20,0,0
BRDA:214,20,1,0
BRDA:217,21,0,0
BRDA:217,21,1,0
BRDA:229,22,0,0
BRDA:229,22,1,0
BRDA:268,23,0,0
BRDA:268,23,1,0
BRF:47
BRH:0
end_of_record
TN:
SF:src\features\meetings\hooks\index.ts
FNF:0
FNH:0
LF:0
LH:0
BRF:0
BRH:0
end_of_record
TN:
SF:src\features\meetings\hooks\useFavoriteMeetings.ts
FN:32,useFavoriteMeetings
FN:46,(anonymous_1)
FN:65,(anonymous_2)
FN:103,(anonymous_3)
FN:113,(anonymous_4)
FN:154,(anonymous_5)
FN:163,(anonymous_6)
FN:194,(anonymous_7)
FN:203,(anonymous_8)
FN:204,(anonymous_9)
FN:213,(anonymous_10)
FN:214,(anonymous_11)
FN:236,(anonymous_12)
FN:242,(anonymous_13)
FN:248,(anonymous_14)
FNF:15
FNH:0
FNDA:0,useFavoriteMeetings
FNDA:0,(anonymous_1)
FNDA:0,(anonymous_2)
FNDA:0,(anonymous_3)
FNDA:0,(anonymous_4)
FNDA:0,(anonymous_5)
FNDA:0,(anonymous_6)
FNDA:0,(anonymous_7)
FNDA:0,(anonymous_8)
FNDA:0,(anonymous_9)
FNDA:0,(anonymous_10)
FNDA:0,(anonymous_11)
FNDA:0,(anonymous_12)
FNDA:0,(anonymous_13)
FNDA:0,(anonymous_14)
DA:33,0
DA:34,0
DA:35,0
DA:44,0
DA:47,0
DA:48,0
DA:51,0
DA:56,0
DA:64,0
DA:66,0
DA:67,0
DA:71,0
DA:76,0
DA:77,0
DA:80,0
DA:81,0
DA:84,0
DA:85,0
DA:86,0
DA:90,0
DA:99,0
DA:101,0
DA:105,0
DA:112,0
DA:114,0
DA:115,0
DA:119,0
DA:124,0
DA:125,0
DA:129,0
DA:135,0
DA:136,0
DA:152,0
DA:155,0
DA:162,0
DA:164,0
DA:165,0
DA:169,0
DA:174,0
DA:175,0
DA:179,0
DA:182,0
DA:190,0
DA:192,0
DA:195,0
DA:202,0
DA:204,0
DA:212,0
DA:214,0
DA:216,0
DA:217,0
DA:220,0
DA:221,0
DA:222,0
DA:224,0
DA:225,0
DA:231,0
DA:237,0
DA:243,0
DA:249,0
LF:60
LH:0
BRDA:41,0,0,0
BRDA:47,1,0,0
BRDA:47,1,1,0
BRDA:47,2,0,0
BRDA:47,2,1,0
BRDA:58,3,0,0
BRDA:58,3,1,0
BRDA:66,4,0,0
BRDA:66,4,1,0
BRDA:66,5,0,0
BRDA:66,5,1,0
BRDA:76,6,0,0
BRDA:76,6,1,0
BRDA:85,7,0,0
BRDA:85,7,1,0
BRDA:85,8,0,0
BRDA:85,8,1,0
BRDA:114,9,0,0
BRDA:114,9,1,0
BRDA:114,10,0,0
BRDA:114,10,1,0
BRDA:124,11,0,0
BRDA:124,11,1,0
BRDA:135,12,0,0
BRDA:135,12,1,0
BRDA:164,13,0,0
BRDA:164,13,1,0
BRDA:164,14,0,0
BRDA:164,14,1,0
BRDA:174,15,0,0
BRDA:174,15,1,0
BRDA:179,16,0,0
BRDA:179,16,1,0
BRDA:216,17,0,0
BRDA:216,17,1,0
BRDA:216,18,0,0
BRDA:216,18,1,0
BRDA:234,19,0,0
BRDA:234,19,1,0
BRF:39
BRH:0
end_of_record
TN:
SF:src\features\meetings\hooks\useMeetingSearch.ts
FN:39,useMeetingSearch
FN:49,(anonymous_1)
FN:97,(anonymous_2)
FN:144,(anonymous_3)
FN:157,(anonymous_4)
FNF:5
FNH:0
FNDA:0,useMeetingSearch
FNDA:0,(anonymous_1)
FNDA:0,(anonymous_2)
FNDA:0,(anonymous_3)
FNDA:0,(anonymous_4)
DA:40,0
DA:41,0
DA:48,0
DA:50,0
DA:51,0
DA:54,0
DA:57,0
DA:62,0
DA:64,0
DA:71,0
DA:73,0
DA:76,0
DA:78,0
DA:79,0
DA:83,0
DA:87,0
DA:92,0
DA:94,0
DA:97,0
DA:103,0
DA:105,0
DA:110,0
DA:113,0
DA:114,0
DA:118,0
DA:122,0
DA:125,0
DA:126,0
DA:142,0
DA:147,0
DA:157,0
DA:158,0
DA:161,0
LF:33
LH:0
BRDA:39,0,0,0
BRDA:50,1,0,0
BRDA:50,1,1,0
BRDA:78,2,0,0
BRDA:78,2,1,0
BRDA:78,3,0,0
BRDA:78,3,1,0
BRDA:113,4,0,0
BRDA:113,4,1,0
BRDA:115,5,0,0
BRDA:115,5,1,0
BRDA:137,6,0,0
BRDA:149,7,0,0
BRDA:149,7,1,0
BRDA:165,8,0,0
BRDA:165,8,1,0
BRF:16
BRH:0
end_of_record
TN:
SF:src\features\meetings\hooks\useNearbyMeetings.ts
FN:45,useNearbyMeetings
FN:66,(anonymous_1)
FN:75,(anonymous_2)
FN:113,(anonymous_3)
FN:119,(anonymous_4)
FN:141,(anonymous_5)
FN:142,(anonymous_6)
FN:151,(anonymous_7)
FN:163,(anonymous_8)
FN:171,(anonymous_9)
FN:188,(anonymous_10)
FN:193,(anonymous_11)
FN:196,(anonymous_12)
FNF:13
FNH:0
FNDA:0,useNearbyMeetings
FNDA:0,(anonymous_1)
FNDA:0,(anonymous_2)
FNDA:0,(anonymous_3)
FNDA:0,(anonymous_4)
FNDA:0,(anonymous_5)
FNDA:0,(anonymous_6)
FNDA:0,(anonymous_7)
FNDA:0,(anonymous_8)
FNDA:0,(anonymous_9)
FNDA:0,(anonymous_10)
FNDA:0,(anonymous_11)
FNDA:0,(anonymous_12)
DA:26,0
DA:27,0
DA:46,0
DA:47,0
DA:48,0
DA:49,0
DA:51,0
DA:52,0
DA:53,0
DA:56,0
DA:66,0
DA:67,0
DA:74,0
DA:76,0
DA:77,0
DA:78,0
DA:81,0
DA:82,0
DA:84,0
DA:86,0
DA:88,0
DA:90,0
DA:91,0
DA:92,0
DA:96,0
DA:103,0
DA:104,0
DA:106,0
DA:112,0
DA:113,0
DA:118,0
DA:119,0
DA:125,0
DA:128,0
DA:130,0
DA:131,0
DA:132,0
DA:141,0
DA:142,0
DA:151,0
DA:152,0
DA:163,0
DA:164,0
DA:165,0
DA:168,0
DA:171,0
DA:172,0
DA:174,0
DA:176,0
DA:184,0
DA:187,0
DA:189,0
DA:193,0
DA:196,0
DA:197,0
DA:198,0
DA:199,0
DA:202,0
DA:205,0
LF:59
LH:0
BRDA:75,0,0,0
BRDA:76,1,0,0
BRDA:76,1,1,0
BRDA:88,2,0,0
BRDA:88,2,1,0
BRDA:90,3,0,0
BRDA:90,3,1,0
BRDA:103,4,0,0
BRDA:103,4,1,0
BRDA:103,5,0,0
BRDA:103,5,1,0
BRDA:128,6,0,0
BRDA:128,6,1,0
BRDA:164,7,0,0
BRDA:164,7,1,0
BRDA:164,8,0,0
BRDA:164,8,1,0
BRDA:189,9,0,0
BRDA:189,9,1,0
BRDA:197,10,0,0
BRDA:197,10,1,0
BRDA:198,11,0,0
BRDA:198,11,1,0
BRDA:207,12,0,0
BRDA:207,12,1,0
BRDA:208,13,0,0
BRDA:208,13,1,0
BRF:27
BRH:0
end_of_record
TN:
SF:src\features\meetings\hooks\useUserLocation.ts
FN:50,useUserLocation
FN:62,(anonymous_1)
FN:63,(anonymous_2)
FN:70,(anonymous_3)
FN:71,(anonymous_4)
FN:84,(anonymous_5)
FN:97,(anonymous_6)
FN:111,(anonymous_7)
FN:136,(anonymous_8)
FN:155,(anonymous_9)
FN:175,(anonymous_10)
FN:182,(anonymous_11)
FN:200,(anonymous_12)
FN:216,(anonymous_13)
FN:237,(anonymous_14)
FNF:15
FNH:0
FNDA:0,useUserLocation
FNDA:0,(anonymous_1)
FNDA:0,(anonymous_2)
FNDA:0,(anonymous_3)
FNDA:0,(anonymous_4)
FNDA:0,(anonymous_5)
FNDA:0,(anonymous_6)
FNDA:0,(anonymous_7)
FNDA:0,(anonymous_8)
FNDA:0,(anonymous_9)
FNDA:0,(anonymous_10)
FNDA:0,(anonymous_11)
FNDA:0,(anonymous_12)
FNDA:0,(anonymous_13)
FNDA:0,(anonymous_14)
DA:51,0
DA:62,0
DA:63,0
DA:70,0
DA:71,0
DA:73,0
DA:75,0
DA:77,0
DA:80,0
DA:82,0
DA:84,0
DA:92,0
DA:93,0
DA:97,0
DA:103,0
DA:108,0
DA:111,0
DA:118,0
DA:120,0
DA:124,0
DA:127,0
DA:128,0
DA:131,0
DA:136,0
DA:143,0
DA:148,0
DA:151,0
DA:155,0
DA:161,0
DA:162,0
DA:175,0
DA:176,0
DA:178,0
DA:180,0
DA:181,0
DA:182,0
DA:191,0
DA:195,0
DA:197,0
DA:199,0
DA:200,0
DA:208,0
DA:212,0
DA:214,0
DA:216,0
DA:228,0
DA:234,0
DA:236,0
DA:237,0
DA:246,0
DA:250,0
LF:51
LH:0
BRDA:80,0,0,0
BRDA:80,0,1,0
BRDA:92,1,0,0
BRDA:92,1,1,0
BRDA:93,2,0,0
BRDA:93,2,1,0
BRDA:127,3,0,0
BRDA:127,3,1,0
BRDA:151,4,0,0
BRDA:151,4,1,0
BRDA:180,5,0,0
BRDA:180,5,1,0
BRDA:199,6,0,0
BRDA:199,6,1,0
BRDA:223,7,0,0
BRDA:223,7,1,0
BRF:16
BRH:0
end_of_record
TN:
SF:src\features\progress\hooks\index.ts
FNF:0
FNH:0
LF:0
LH:0
BRF:0
BRH:0
end_of_record
TN:
SF:src\features\progress\hooks\useRecoveryAnalytics.ts
FN:85,useRecoveryAnalytics
FN:107,(anonymous_1)
FN:115,(anonymous_2)
FN:116,(anonymous_3)
FN:124,(anonymous_4)
FN:132,(anonymous_5)
FN:133,(anonymous_6)
FN:141,(anonymous_7)
FN:234,(anonymous_8)
FN:238,(anonymous_9)
FN:298,(anonymous_10)
FN:301,(anonymous_11)
FN:314,(anonymous_12)
FN:318,(anonymous_13)
FN:354,(anonymous_14)
FN:355,(anonymous_15)
FN:447,(anonymous_16)
FN:455,(anonymous_17)
FNF:18
FNH:0
FNDA:0,useRecoveryAnalytics
FNDA:0,(anonymous_1)
FNDA:0,(anonymous_2)
FNDA:0,(anonymous_3)
FNDA:0,(anonymous_4)
FNDA:0,(anonymous_5)
FNDA:0,(anonymous_6)
FNDA:0,(anonymous_7)
FNDA:0,(anonymous_8)
FNDA:0,(anonymous_9)
FNDA:0,(anonymous_10)
FNDA:0,(anonymous_11)
FNDA:0,(anonymous_12)
FNDA:0,(anonymous_13)
FNDA:0,(anonymous_14)
FNDA:0,(anonymous_15)
FNDA:0,(anonymous_16)
FNDA:0,(anonymous_17)
DA:70,0
DA:86,0
DA:88,0
DA:107,0
DA:108,0
DA:110,0
DA:111,0
DA:113,0
DA:115,0
DA:116,0
DA:118,0
DA:119,0
DA:120,0
DA:121,0
DA:124,0
DA:125,0
DA:127,0
DA:128,0
DA:130,0
DA:132,0
DA:133,0
DA:135,0
DA:136,0
DA:137,0
DA:138,0
DA:141,0
DA:150,0
DA:153,0
DA:154,0
DA:160,0
DA:161,0
DA:170,0
DA:171,0
DA:176,0
DA:177,0
DA:186,0
DA:187,0
DA:194,0
DA:195,0
DA:203,0
DA:204,0
DA:213,0
DA:214,0
DA:223,0
DA:224,0
DA:231,0
DA:234,0
DA:235,0
DA:237,0
DA:238,0
DA:241,0
DA:242,0
DA:243,0
DA:245,0
DA:259,0
DA:261,0
DA:262,0
DA:263,0
DA:264,0
DA:267,0
DA:269,0
DA:270,0
DA:271,0
DA:272,0
DA:273,0
DA:274,0
DA:281,0
DA:282,0
DA:283,0
DA:284,0
DA:285,0
DA:286,0
DA:295,0
DA:296,0
DA:298,0
DA:300,0
DA:301,0
DA:304,0
DA:313,0
DA:314,0
DA:317,0
DA:318,0
DA:323,0
DA:331,0
DA:332,0
DA:333,0
DA:334,0
DA:336,0
DA:337,0
DA:338,0
DA:339,0
DA:343,0
DA:344,0
DA:345,0
DA:346,0
DA:354,0
DA:355,0
DA:358,0
DA:362,0
DA:365,0
DA:366,0
DA:367,0
DA:368,0
DA:369,0
DA:370,0
DA:372,0
DA:377,0
DA:378,0
DA:379,0
DA:380,0
DA:385,0
DA:386,0
DA:387,0
DA:388,0
DA:389,0
DA:391,0
DA:396,0
DA:397,0
DA:398,0
DA:399,0
DA:404,0
DA:408,0
DA:411,0
DA:412,0
DA:415,0
DA:425,0
DA:444,0
DA:446,0
DA:447,0
DA:455,0
DA:456,0
DA:459,0
LF:132
LH:0
BRDA:108,0,0,0
BRDA:108,0,1,0
BRDA:113,1,0,0
BRDA:113,1,1,0
BRDA:119,2,0,0
BRDA:119,2,1,0
BRDA:120,3,0,0
BRDA:120,3,1,0
BRDA:125,4,0,0
BRDA:125,4,1,0
BRDA:130,5,0,0
BRDA:130,5,1,0
BRDA:136,6,0,0
BRDA:136,6,1,0
BRDA:137,7,0,0
BRDA:137,7,1,0
BRDA:153,8,0,0
BRDA:153,8,1,0
BRDA:160,9,0,0
BRDA:160,9,1,0
BRDA:170,10,0,0
BRDA:170,10,1,0
BRDA:176,11,0,0
BRDA:176,11,1,0
BRDA:186,12,0,0
BRDA:186,12,1,0
BRDA:194,13,0,0
BRDA:194,13,1,0
BRDA:203,14,0,0
BRDA:203,14,1,0
BRDA:213,15,0,0
BRDA:213,15,1,0
BRDA:223,16,0,0
BRDA:223,16,1,0
BRDA:235,17,0,0
BRDA:235,17,1,0
BRDA:235,18,0,0
BRDA:235,18,1,0
BRDA:235,18,2,0
BRDA:263,19,0,0
BRDA:263,19,1,0
BRDA:269,20,0,0
BRDA:269,20,1,0
BRDA:273,21,0,0
BRDA:273,21,1,0
BRDA:273,22,0,0
BRDA:273,22,1,0
BRDA:273,22,2,0
BRDA:281,23,0,0
BRDA:281,23,1,0
BRDA:285,24,0,0
BRDA:285,24,1,0
BRDA:285,25,0,0
BRDA:285,25,1,0
BRDA:285,25,2,0
BRDA:298,26,0,0
BRDA:298,26,1,0
BRDA:300,27,0,0
BRDA:300,27,1,0
BRDA:313,28,0,0
BRDA:313,28,1,0
BRDA:317,29,0,0
BRDA:317,29,1,0
BRDA:333,30,0,0
BRDA:333,30,1,0
BRDA:338,31,0,0
BRDA:338,31,1,0
BRDA:348,32,0,0
BRDA:348,32,1,0
BRDA:349,33,0,0
BRDA:349,33,1,0
BRDA:350,34,0,0
BRDA:350,34,1,0
BRDA:362,35,0,0
BRDA:362,35,1,0
BRDA:377,36,0,0
BRDA:377,36,1,0
BRDA:379,37,0,0
BRDA:379,37,1,0
BRDA:396,38,0,0
BRDA:396,38,1,0
BRDA:398,39,0,0
BRDA:398,39,1,0
BRDA:408,40,0,0
BRDA:408,40,1,0
BRDA:450,41,0,0
BRDA:450,41,1,0
BRF:87
BRH:0
end_of_record
TN:
SF:src\features\sponsor\hooks\index.ts
FNF:0
FNH:0
LF:0
LH:0
BRF:0
BRH:0
end_of_record
TN:
SF:src\features\sponsor\hooks\useSponsorConnections.ts
FN:36,useSponsorConnections
FN:42,(anonymous_1)
FN:60,(anonymous_2)
FN:65,(anonymous_3)
FN:114,(anonymous_4)
FN:159,(anonymous_5)
FN:212,(anonymous_6)
FN:228,(anonymous_7)
FN:241,(anonymous_8)
FN:241,(anonymous_9)
FN:246,(anonymous_10)
FN:246,(anonymous_11)
FN:251,(anonymous_12)
FN:251,(anonymous_13)
FNF:14
FNH:0
FNDA:0,useSponsorConnections
FNDA:0,(anonymous_1)
FNDA:0,(anonymous_2)
FNDA:0,(anonymous_3)
FNDA:0,(anonymous_4)
FNDA:0,(anonymous_5)
FNDA:0,(anonymous_6)
FNDA:0,(anonymous_7)
FNDA:0,(anonymous_8)
FNDA:0,(anonymous_9)
FNDA:0,(anonymous_10)
FNDA:0,(anonymous_11)
FNDA:0,(anonymous_12)
FNDA:0,(anonymous_13)
DA:37,0
DA:38,0
DA:39,0
DA:40,0
DA:42,0
DA:43,0
DA:44,0
DA:45,0
DA:46,0
DA:47,0
DA:51,0
DA:53,0
DA:54,0
DA:56,0
DA:60,0
DA:61,0
DA:64,0
DA:66,0
DA:67,0
DA:70,0
DA:71,0
DA:72,0
DA:73,0
DA:75,0
DA:76,0
DA:98,0
DA:107,0
DA:108,0
DA:113,0
DA:115,0
DA:116,0
DA:119,0
DA:120,0
DA:121,0
DA:124,0
DA:129,0
DA:130,0
DA:133,0
DA:134,0
DA:135,0
DA:137,0
DA:138,0
DA:153,0
DA:158,0
DA:160,0
DA:161,0
DA:164,0
DA:165,0
DA:166,0
DA:169,0
DA:170,0
DA:171,0
DA:172,0
DA:174,0
DA:175,0
DA:197,0
DA:205,0
DA:206,0
DA:211,0
DA:213,0
DA:214,0
DA:218,0
DA:222,0
DA:227,0
DA:229,0
DA:230,0
DA:234,0
DA:235,0
DA:240,0
DA:241,0
DA:245,0
DA:246,0
DA:250,0
DA:251,0
DA:255,0
LF:75
LH:0
BRDA:43,0,0,0
BRDA:43,0,1,0
BRDA:43,1,0,0
BRDA:43,1,1,0
BRDA:43,1,2,0
BRDA:54,2,0,0
BRDA:54,2,1,0
BRDA:66,3,0,0
BRDA:66,3,1,0
BRDA:66,4,0,0
BRDA:66,4,1,0
BRDA:88,5,0,0
BRDA:88,5,1,0
BRDA:115,6,0,0
BRDA:115,6,1,0
BRDA:115,7,0,0
BRDA:115,7,1,0
BRDA:120,8,0,0
BRDA:120,8,1,0
BRDA:129,9,0,0
BRDA:129,9,1,0
BRDA:129,10,0,0
BRDA:129,10,1,0
BRDA:147,11,0,0
BRDA:147,11,1,0
BRDA:147,11,2,0
BRDA:160,12,0,0
BRDA:160,12,1,0
BRDA:160,13,0,0
BRDA:160,13,1,0
BRDA:165,14,0,0
BRDA:165,14,1,0
BRDA:187,15,0,0
BRDA:187,15,1,0
BRDA:213,16,0,0
BRDA:213,16,1,0
BRDA:213,17,0,0
BRDA:213,17,1,0
BRDA:229,18,0,0
BRDA:229,18,1,0
BRDA:234,19,0,0
BRDA:234,19,1,0
BRDA:241,20,0,0
BRDA:241,20,1,0
BRDA:246,21,0,0
BRDA:246,21,1,0
BRDA:251,22,0,0
BRDA:251,22,1,0
BRF:48
BRH:0
end_of_record
TN:
SF:src\features\sponsor\hooks\useSponsorSharedEntries.ts
FN:51,splitPayloads
FN:54,(anonymous_1)
FN:58,useSponsorSharedEntries
FN:62,(anonymous_3)
FN:73,(anonymous_4)
FN:84,(anonymous_5)
FN:93,(anonymous_6)
FN:148,(anonymous_7)
FN:191,(anonymous_8)
FN:269,(anonymous_9)
FN:318,(anonymous_10)
FNF:11
FNH:0
FNDA:0,splitPayloads
FNDA:0,(anonymous_1)
FNDA:0,useSponsorSharedEntries
FNDA:0,(anonymous_3)
FNDA:0,(anonymous_4)
FNDA:0,(anonymous_5)
FNDA:0,(anonymous_6)
FNDA:0,(anonymous_7)
FNDA:0,(anonymous_8)
FNDA:0,(anonymous_9)
FNDA:0,(anonymous_10)
DA:52,0
DA:54,0
DA:59,0
DA:61,0
DA:63,0
DA:64,0
DA:72,0
DA:74,0
DA:75,0
DA:83,0
DA:85,0
DA:86,0
DA:87,0
DA:92,0
DA:98,0
DA:99,0
DA:102,0
DA:103,0
DA:104,0
DA:107,0
DA:108,0
DA:109,0
DA:111,0
DA:112,0
DA:122,0
DA:123,0
DA:132,0
DA:139,0
DA:142,0
DA:147,0
DA:154,0
DA:155,0
DA:158,0
DA:159,0
DA:160,0
DA:163,0
DA:164,0
DA:165,0
DA:169,0
DA:178,0
DA:185,0
DA:190,0
DA:194,0
DA:195,0
DA:198,0
DA:199,0
DA:200,0
DA:201,0
DA:203,0
DA:204,0
DA:205,0
DA:207,0
DA:208,0
DA:209,0
DA:210,0
DA:213,0
DA:214,0
DA:215,0
DA:216,0
DA:219,0
DA:220,0
DA:221,0
DA:222,0
DA:224,0
DA:225,0
DA:226,0
DA:229,0
DA:233,0
DA:234,0
DA:235,0
DA:238,0
DA:239,0
DA:240,0
DA:256,0
DA:257,0
DA:259,0
DA:263,0
DA:268,0
DA:270,0
DA:272,0
DA:273,0
DA:275,0
DA:288,0
DA:289,0
DA:290,0
DA:291,0
DA:293,0
DA:294,0
DA:295,0
DA:296,0
DA:308,0
DA:312,0
DA:317,0
DA:319,0
DA:321,0
DA:334,0
DA:335,0
DA:336,0
DA:337,0
DA:339,0
DA:340,0
DA:342,0
DA:343,0
DA:344,0
DA:345,0
DA:352,0
DA:356,0
DA:361,0
LF:108
LH:0
BRDA:63,0,0,0
BRDA:63,0,1,0
BRDA:63,1,0,0
BRDA:63,1,1,0
BRDA:74,2,0,0
BRDA:74,2,1,0
BRDA:74,3,0,0
BRDA:74,3,1,0
BRDA:86,4,0,0
BRDA:86,4,1,0
BRDA:98,5,0,0
BRDA:98,5,1,0
BRDA:98,6,0,0
BRDA:98,6,1,0
BRDA:98,6,2,0
BRDA:103,7,0,0
BRDA:103,7,1,0
BRDA:113,8,0,0
BRDA:113,8,1,0
BRDA:115,9,0,0
BRDA:115,9,1,0
BRDA:116,10,0,0
BRDA:116,10,1,0
BRDA:117,11,0,0
BRDA:117,11,1,0
BRDA:154,12,0,0
BRDA:154,12,1,0
BRDA:154,13,0,0
BRDA:154,13,1,0
BRDA:154,13,2,0
BRDA:159,14,0,0
BRDA:159,14,1,0
BRDA:194,15,0,0
BRDA:194,15,1,0
BRDA:194,16,0,0
BRDA:194,16,1,0
BRDA:194,16,2,0
BRDA:205,17,0,0
BRDA:205,17,1,0
BRDA:207,18,0,0
BRDA:207,18,1,0
BRDA:208,19,0,0
BRDA:208,19,1,0
BRDA:214,20,0,0
BRDA:214,20,1,0
BRDA:233,21,0,0
BRDA:233,21,1,0
BRDA:239,22,0,0
BRDA:239,22,1,0
BRDA:245,23,0,0
BRDA:245,23,1,0
BRDA:256,24,0,0
BRDA:256,24,1,0
BRDA:270,25,0,0
BRDA:270,25,1,0
BRDA:270,26,0,0
BRDA:270,26,1,0
BRDA:270,26,2,0
BRDA:273,27,0,0
BRDA:273,27,1,0
BRDA:291,28,0,0
BRDA:291,28,1,0
BRDA:299,29,0,0
BRDA:299,29,1,0
BRDA:301,30,0,0
BRDA:301,30,1,0
BRDA:302,31,0,0
BRDA:302,31,1,0
BRDA:303,32,0,0
BRDA:303,32,1,0
BRDA:304,33,0,0
BRDA:304,33,1,0
BRDA:319,34,0,0
BRDA:319,34,1,0
BRDA:319,35,0,0
BRDA:319,35,1,0
BRDA:319,35,2,0
BRDA:337,36,0,0
BRDA:337,36,1,0
BRDA:340,37,0,0
BRDA:340,37,1,0
BRDA:349,38,0,0
BRDA:349,38,1,0
BRF:83
BRH:0
end_of_record
TN:
SF:src\features\sponsor\hooks\useSponsorships.ts
FN:15,useSponsorships
FN:21,(anonymous_1)
FN:43,(anonymous_2)
FN:48,(anonymous_3)
FN:87,(anonymous_4)
FN:107,(anonymous_5)
FN:127,(anonymous_6)
FN:144,(anonymous_7)
FN:147,(anonymous_8)
FN:151,(anonymous_9)
FN:155,(anonymous_10)
FNF:11
FNH:0
FNDA:0,useSponsorships
FNDA:0,(anonymous_1)
FNDA:0,(anonymous_2)
FNDA:0,(anonymous_3)
FNDA:0,(anonymous_4)
FNDA:0,(anonymous_5)
FNDA:0,(anonymous_6)
FNDA:0,(anonymous_7)
FNDA:0,(anonymous_8)
FNDA:0,(anonymous_9)
FNDA:0,(anonymous_10)
DA:16,0
DA:17,0
DA:18,0
DA:19,0
DA:21,0
DA:22,0
DA:24,0
DA:25,0
DA:26,0
DA:32,0
DA:33,0
DA:34,0
DA:36,0
DA:37,0
DA:39,0
DA:43,0
DA:44,0
DA:47,0
DA:49,0
DA:51,0
DA:53,0
DA:59,0
DA:60,0
DA:63,0
DA:64,0
DA:68,0
DA:74,0
DA:76,0
DA:77,0
DA:79,0
DA:80,0
DA:86,0
DA:88,0
DA:89,0
DA:94,0
DA:96,0
DA:97,0
DA:99,0
DA:100,0
DA:106,0
DA:108,0
DA:109,0
DA:114,0
DA:116,0
DA:117,0
DA:119,0
DA:120,0
DA:126,0
DA:128,0
DA:129,0
DA:131,0
DA:133,0
DA:134,0
DA:136,0
DA:137,0
DA:144,0
DA:146,0
DA:147,0
DA:150,0
DA:151,0
DA:154,0
DA:155,0
DA:158,0
LF:63
LH:0
BRDA:22,0,0,0
BRDA:22,0,1,0
BRDA:32,1,0,0
BRDA:32,1,1,0
BRDA:33,2,0,0
BRDA:33,2,1,0
BRDA:37,3,0,0
BRDA:37,3,1,0
BRDA:49,4,0,0
BRDA:49,4,1,0
BRDA:59,5,0,0
BRDA:59,5,1,0
BRDA:59,6,0,0
BRDA:59,6,1,0
BRDA:63,7,0,0
BRDA:63,7,1,0
BRDA:74,8,0,0
BRDA:74,8,1,0
BRDA:94,9,0,0
BRDA:94,9,1,0
BRDA:114,10,0,0
BRDA:114,10,1,0
BRDA:131,11,0,0
BRDA:131,11,1,0
BRDA:144,12,0,0
BRDA:144,12,1,0
BRDA:147,13,0,0
BRDA:147,13,1,0
BRDA:151,14,0,0
BRDA:151,14,1,0
BRDA:155,15,0,0
BRDA:155,15,1,0
BRF:32
BRH:0
end_of_record
TN:
SF:src\features\steps\hooks\useStepWork.ts
FN:14,decryptStepWork
FN:35,useStepWork
FN:48,(anonymous_2)
FN:59,(anonymous_3)
FN:83,useSaveStepAnswer
FN:96,(anonymous_5)
FN:166,(anonymous_6)
FN:172,(anonymous_7)
FN:181,useStepProgress
FN:192,(anonymous_9)
FN:207,(anonymous_10)
FN:210,(anonymous_11)
FN:223,(anonymous_12)
FN:224,(anonymous_13)
FN:227,(anonymous_14)
FNF:15
FNH:0
FNDA:0,decryptStepWork
FNDA:0,useStepWork
FNDA:0,(anonymous_2)
FNDA:0,(anonymous_3)
FNDA:0,useSaveStepAnswer
FNDA:0,(anonymous_5)
FNDA:0,(anonymous_6)
FNDA:0,(anonymous_7)
FNDA:0,useStepProgress
FNDA:0,(anonymous_9)
FNDA:0,(anonymous_10)
FNDA:0,(anonymous_11)
FNDA:0,(anonymous_12)
FNDA:0,(anonymous_13)
FNDA:0,(anonymous_14)
DA:15,0
DA:17,0
DA:44,0
DA:46,0
DA:49,0
DA:50,0
DA:52,0
DA:53,0
DA:58,0
DA:59,0
DA:60,0
DA:61,0
DA:63,0
DA:65,0
DA:66,0
DA:72,0
DA:92,0
DA:93,0
DA:95,0
DA:107,0
DA:109,0
DA:110,0
DA:111,0
DA:114,0
DA:119,0
DA:121,0
DA:136,0
DA:139,0
DA:140,0
DA:157,0
DA:160,0
DA:162,0
DA:163,0
DA:167,0
DA:171,0
DA:173,0
DA:188,0
DA:190,0
DA:193,0
DA:195,0
DA:196,0
DA:206,0
DA:207,0
DA:210,0
DA:211,0
DA:212,0
DA:213,0
DA:214,0
DA:222,0
DA:223,0
DA:224,0
DA:227,0
DA:228,0
DA:230,0
DA:232,0
DA:233,0
DA:239,0
LF:57
LH:0
BRDA:15,0,0,0
BRDA:15,0,1,0
BRDA:28,1,0,0
BRDA:28,1,1,0
BRDA:49,2,0,0
BRDA:49,2,1,0
BRDA:49,3,0,0
BRDA:49,3,1,0
BRDA:61,4,0,0
BRDA:61,4,1,0
BRDA:69,5,0,0
BRDA:69,5,1,0
BRDA:73,6,0,0
BRDA:73,6,1,0
BRDA:74,7,0,0
BRDA:74,7,1,0
BRDA:107,8,0,0
BRDA:107,8,1,0
BRDA:119,9,0,0
BRDA:119,9,1,0
BRDA:125,10,0,0
BRDA:125,10,1,0
BRDA:126,11,0,0
BRDA:126,11,1,0
BRDA:148,12,0,0
BRDA:148,12,1,0
BRDA:149,13,0,0
BRDA:149,13,1,0
BRDA:193,14,0,0
BRDA:193,14,1,0
BRDA:207,15,0,0
BRDA:207,15,1,0
BRDA:211,16,0,0
BRDA:211,16,1,0
BRDA:213,17,0,0
BRDA:213,17,1,0
BRDA:223,18,0,0
BRDA:223,18,1,0
BRDA:227,19,0,0
BRDA:227,19,1,0
BRDA:240,20,0,0
BRDA:240,20,1,0
BRDA:241,21,0,0
BRDA:241,21,1,0
BRDA:242,22,0,0
BRDA:242,22,1,0
BRDA:243,23,0,0
BRDA:243,23,1,0
BRF:48
BRH:0
end_of_record
TN:
SF:src\services\notificationService.ts
FN:47,scheduleMorningReminder
FN:97,scheduleEveningReminder
FN:148,scheduleDailyReminders
FN:171,cancelDailyReminders
FN:190,sendTestNotification
FN:225,getMilestoneMessage
FN:271,scheduleMilestoneNotification
FN:336,scheduleAllMilestones
FN:344,(anonymous_8)
FN:347,(anonymous_9)
FN:350,(anonymous_10)
FN:367,cancelAllMilestones
FN:370,(anonymous_12)
FN:388,getScheduledNotifications
FNF:14
FNH:0
FNDA:0,scheduleMorningReminder
FNDA:0,scheduleEveningReminder
FNDA:0,scheduleDailyReminders
FNDA:0,cancelDailyReminders
FNDA:0,sendTestNotification
FNDA:0,getMilestoneMessage
FNDA:0,scheduleMilestoneNotification
FNDA:0,scheduleAllMilestones
FNDA:0,(anonymous_8)
FNDA:0,(anonymous_9)
FNDA:0,(anonymous_10)
FNDA:0,cancelAllMilestones
FNDA:0,(anonymous_12)
FNDA:0,getScheduledNotifications
DA:18,0
DA:36,0
DA:50,0
DA:52,0
DA:54,0
DA:55,0
DA:56,0
DA:60,0
DA:79,0
DA:84,0
DA:86,0
DA:87,0
DA:100,0
DA:102,0
DA:104,0
DA:105,0
DA:106,0
DA:110,0
DA:129,0
DA:134,0
DA:136,0
DA:137,0
DA:152,0
DA:157,0
DA:162,0
DA:172,0
DA:173,0
DA:178,0
DA:180,0
DA:194,0
DA:195,0
DA:207,0
DA:209,0
DA:216,0
DA:226,0
DA:261,0
DA:275,0
DA:276,0
DA:277,0
DA:278,0
DA:281,0
DA:282,0
DA:283,0
DA:286,0
DA:287,0
DA:288,0
DA:291,0
DA:292,0
DA:295,0
DA:298,0
DA:317,0
DA:323,0
DA:325,0
DA:326,0
DA:337,0
DA:338,0
DA:339,0
DA:344,0
DA:346,0
DA:347,0
DA:350,0
DA:352,0
DA:357,0
DA:359,0
DA:360,0
DA:368,0
DA:369,0
DA:371,0
DA:377,0
DA:379,0
DA:389,0
DA:390,0
DA:392,0
DA:393,0
LF:74
LH:0
BRDA:48,0,0,0
BRDA:54,1,0,0
BRDA:54,1,1,0
BRDA:98,2,0,0
BRDA:104,3,0,0
BRDA:104,3,1,0
BRDA:149,4,0,0
BRDA:150,5,0,0
BRDA:191,6,0,0
BRDA:192,7,0,0
BRDA:276,8,0,0
BRDA:276,8,1,0
BRDA:286,9,0,0
BRDA:286,9,1,0
BRF:14
BRH:0
end_of_record
TN:
SF:src\services\sponsorShareService.ts
FN:27,encryptSharedEntry
FN:46,decryptSharedEntry
FN:61,buildShareMessage
FNF:3
FNH:0
FNDA:0,encryptSharedEntry
FNDA:0,decryptSharedEntry
FNDA:0,buildShareMessage
DA:11,0
DA:28,0
DA:42,0
DA:43,0
DA:47,0
DA:48,0
DA:49,0
DA:51,0
DA:52,0
DA:53,0
DA:54,0
DA:55,0
DA:57,0
DA:62,0
DA:63,0
LF:15
LH:0
BRDA:33,0,0,0
BRDA:33,0,1,0
BRDA:35,1,0,0
BRDA:35,1,1,0
BRDA:36,2,0,0
BRDA:36,2,1,0
BRDA:37,3,0,0
BRDA:37,3,1,0
BRDA:48,4,0,0
BRDA:48,4,1,0
BRDA:54,5,0,0
BRDA:54,5,1,0
BRDA:62,6,0,0
BRDA:62,6,1,0
BRF:14
BRH:0
end_of_record
TN:
SF:src\services\syncService.ts
FN:41,(anonymous_0)
FN:47,(anonymous_1)
FN:52,(anonymous_2)
FN:61,(anonymous_3)
FN:81,withTimeout
FN:84,(anonymous_5)
FN:85,(anonymous_6)
FN:197,generateUUID
FN:201,(anonymous_8)
FN:212,syncJournalEntry
FN:293,syncStepWork
FN:372,syncDailyCheckIn
FN:473,syncFavoriteMeeting
FN:541,syncReadingReflection
FN:614,deleteFromSupabase
FN:645,processSyncItem
FN:689,handleSyncResult
FN:762,processSyncQueue
FN:801,(anonymous_18)
FN:802,(anonymous_19)
FN:834,(anonymous_20)
FN:870,addToSyncQueue
FN:908,addDeleteToSyncQueue
FNF:23
FNH:16
FNDA:21,(anonymous_0)
FNDA:0,(anonymous_1)
FNDA:21,(anonymous_2)
FNDA:21,(anonymous_3)
FNDA:87,withTimeout
FNDA:87,(anonymous_5)
FNDA:0,(anonymous_6)
FNDA:90,generateUUID
FNDA:0,(anonymous_8)
FNDA:86,syncJournalEntry
FNDA:10,syncStepWork
FNDA:3,syncDailyCheckIn
FNDA:0,syncFavoriteMeeting
FNDA:0,syncReadingReflection
FNDA:0,deleteFromSupabase
FNDA:81,processSyncItem
FNDA:81,handleSyncResult
FNDA:21,processSyncQueue
FNDA:81,(anonymous_18)
FNDA:81,(anonymous_19)
FNDA:3,(anonymous_20)
FNDA:4,addToSyncQueue
FNDA:0,addDeleteToSyncQueue
DA:38,1
DA:39,1
DA:42,21
DA:43,21
DA:44,21
DA:47,0
DA:48,0
DA:53,21
DA:54,21
DA:55,0
DA:57,21
DA:62,21
DA:66,1
DA:69,1
DA:72,1
DA:75,1
DA:82,87
DA:85,87
DA:198,90
DA:199,90
DA:201,0
DA:202,0
DA:203,0
DA:204,0
DA:217,86
DA:219,86
DA:224,84
DA:225,6
DA:229,78
DA:232,78
DA:233,78
DA:234,1
DA:237,1
DA:239,0
DA:244,78
DA:256,78
DA:265,78
DA:267,78
DA:268,3
DA:269,3
DA:273,75
DA:280,75
DA:281,75
DA:283,2
DA:284,2
DA:285,2
DA:298,10
DA:300,10
DA:305,10
DA:306,2
DA:310,8
DA:315,8
DA:317,8
DA:328,8
DA:337,8
DA:339,8
DA:340,1
DA:341,1
DA:345,7
DA:352,7
DA:353,7
DA:355,0
DA:356,0
DA:357,0
DA:377,3
DA:379,3
DA:384,3
DA:385,2
DA:389,1
DA:393,1
DA:403,1
DA:405,1
DA:406,1
DA:409,0
DA:410,0
DA:413,0
DA:415,0
DA:418,0
DA:419,0
DA:420,0
DA:421,0
DA:422,0
DA:423,0
DA:432,1
DA:441,1
DA:443,1
DA:444,0
DA:445,0
DA:449,1
DA:456,1
DA:461,1
DA:463,0
DA:464,0
DA:465,0
DA:478,0
DA:480,0
DA:485,0
DA:486,0
DA:490,0
DA:493,0
DA:504,0
DA:513,0
DA:515,0
DA:516,0
DA:517,0
DA:521,0
DA:528,0
DA:529,0
DA:531,0
DA:532,0
DA:533,0
DA:546,0
DA:548,0
DA:555,0
DA:556,0
DA:563,0
DA:566,0
DA:578,0
DA:587,0
DA:589,0
DA:590,0
DA:591,0
DA:595,0
DA:602,0
DA:603,0
DA:605,0
DA:606,0
DA:607,0
DA:619,0
DA:620,0
DA:625,0
DA:627,0
DA:628,0
DA:629,0
DA:632,0
DA:633,0
DA:635,0
DA:636,0
DA:637,0
DA:651,81
DA:652,1
DA:653,0
DA:656,1
DA:661,1
DA:666,80
DA:668,76
DA:670,2
DA:672,1
DA:674,0
DA:676,0
DA:678,1
DA:695,81
DA:697,71
DA:698,71
DA:699,71
DA:706,10
DA:709,10
DA:711,0
DA:717,0
DA:727,10
DA:733,10
DA:744,10
DA:745,10
DA:768,21
DA:769,0
DA:770,0
DA:773,21
DA:775,21
DA:781,21
DA:785,21
DA:794,20
DA:795,6
DA:796,6
DA:801,81
DA:802,81
DA:804,14
DA:811,14
DA:812,1
DA:813,1
DA:814,1
DA:815,1
DA:820,14
DA:821,13
DA:822,13
DA:824,80
DA:825,3
DA:829,3
DA:834,3
DA:837,80
DA:838,80
DA:842,14
DA:849,14
DA:851,1
DA:852,1
DA:853,1
DA:856,21
DA:877,4
DA:878,4
DA:879,4
DA:881,4
DA:887,3
DA:894,1
DA:895,1
DA:914,0
DA:916,0
DA:921,0
DA:924,0
DA:926,0
DA:927,0
DA:933,0
DA:934,0
LF:211
LH:125
BRDA:42,0,0,21
BRDA:42,0,1,0
BRDA:54,1,0,0
BRDA:54,1,1,21
BRDA:198,2,0,90
BRDA:198,2,1,0
BRDA:198,3,0,90
BRDA:198,3,1,90
BRDA:203,4,0,0
BRDA:203,4,1,0
BRDA:224,5,0,6
BRDA:224,5,1,78
BRDA:229,6,0,78
BRDA:229,6,1,77
BRDA:233,7,0,1
BRDA:233,7,1,77
BRDA:247,8,0,78
BRDA:247,8,1,1
BRDA:267,9,0,3
BRDA:267,9,1,75
BRDA:283,10,0,2
BRDA:283,10,1,0
BRDA:305,11,0,2
BRDA:305,11,1,8
BRDA:310,12,0,8
BRDA:310,12,1,8
BRDA:315,13,0,8
BRDA:315,13,1,1
BRDA:339,14,0,1
BRDA:339,14,1,7
BRDA:355,15,0,0
BRDA:355,15,1,0
BRDA:384,16,0,2
BRDA:384,16,1,1
BRDA:389,17,0,1
BRDA:389,17,1,1
BRDA:399,18,0,1
BRDA:399,18,1,0
BRDA:403,19,0,1
BRDA:403,19,1,0
BRDA:413,20,0,0
BRDA:413,20,1,0
BRDA:421,21,0,0
BRDA:421,21,1,0
BRDA:443,22,0,0
BRDA:443,22,1,1
BRDA:463,23,0,0
BRDA:463,23,1,0
BRDA:485,24,0,0
BRDA:485,24,1,0
BRDA:490,25,0,0
BRDA:490,25,1,0
BRDA:515,26,0,0
BRDA:515,26,1,0
BRDA:531,27,0,0
BRDA:531,27,1,0
BRDA:555,28,0,0
BRDA:555,28,1,0
BRDA:563,29,0,0
BRDA:563,29,1,0
BRDA:589,30,0,0
BRDA:589,30,1,0
BRDA:605,31,0,0
BRDA:605,31,1,0
BRDA:627,32,0,0
BRDA:627,32,1,0
BRDA:635,33,0,0
BRDA:635,33,1,0
BRDA:651,34,0,1
BRDA:651,34,1,80
BRDA:652,35,0,0
BRDA:652,35,1,1
BRDA:666,36,0,76
BRDA:666,36,1,2
BRDA:666,36,2,1
BRDA:666,36,3,0
BRDA:666,36,4,0
BRDA:666,36,5,1
BRDA:695,37,0,71
BRDA:695,37,1,10
BRDA:709,38,0,0
BRDA:709,38,1,10
BRDA:715,39,0,0
BRDA:715,39,1,0
BRDA:731,40,0,10
BRDA:731,40,1,0
BRDA:746,41,0,10
BRDA:746,41,1,0
BRDA:765,42,0,19
BRDA:768,43,0,0
BRDA:768,43,1,21
BRDA:794,44,0,6
BRDA:794,44,1,14
BRDA:811,45,0,1
BRDA:811,45,1,13
BRDA:820,46,0,13
BRDA:820,46,1,1
BRDA:824,47,0,3
BRDA:824,47,1,77
BRDA:852,48,0,1
BRDA:852,48,1,0
BRDA:884,49,0,4
BRDA:884,49,1,4
BRDA:891,50,0,3
BRDA:891,50,1,3
BRDA:921,51,0,0
BRDA:921,51,1,0
BRDA:926,52,0,0
BRDA:926,52,1,0
BRF:109
BRH:58
end_of_record
TN:
SF:src\utils\analytics.ts
FN:28,trackEvent
FN:48,trackScreen
FN:61,trackAppEvent
FN:77,trackFeatureUsage
FNF:4
FNH:0
FNDA:0,trackEvent
FNDA:0,trackScreen
FNDA:0,trackAppEvent
FNDA:0,trackFeatureUsage
DA:29,0
DA:30,0
DA:49,0
DA:62,0
DA:80,0
LF:5
LH:0
BRDA:29,0,0,0
BRDA:29,0,1,0
BRF:2
BRH:0
end_of_record
TN:
SF:src\utils\dailyRoutineIntegration.ts
FN:38,calculateRoutineScore
FN:58,getDailyRoutineGuidance
FN:101,getReadingSuggestions
FN:146,createDailySummary
FN:197,calculateRoutineStreak
FN:203,(anonymous_5)
FN:232,(anonymous_6)
FN:245,getMotivationalMessage
FN:272,logRoutineEvent
FNF:9
FNH:0
FNDA:0,calculateRoutineScore
FNDA:0,getDailyRoutineGuidance
FNDA:0,getReadingSuggestions
FNDA:0,createDailySummary
FNDA:0,calculateRoutineStreak
FNDA:0,(anonymous_5)
FNDA:0,(anonymous_6)
FNDA:0,getMotivationalMessage
FNDA:0,logRoutineEvent
DA:32,0
DA:39,0
DA:42,0
DA:43,0
DA:47,0
DA:48,0
DA:51,0
DA:63,0
DA:65,0
DA:66,0
DA:74,0
DA:75,0
DA:83,0
DA:84,0
DA:91,0
DA:105,0
DA:106,0
DA:108,0
DA:109,0
DA:120,0
DA:122,0
DA:123,0
DA:127,0
DA:128,0
DA:129,0
DA:133,0
DA:139,0
DA:152,0
DA:154,0
DA:155,0
DA:156,0
DA:158,0
DA:159,0
DA:160,0
DA:161,0
DA:162,0
DA:163,0
DA:164,0
DA:166,0
DA:167,0
DA:168,0
DA:172,0
DA:173,0
DA:176,0
DA:177,0
DA:182,0
DA:186,0
DA:202,0
DA:203,0
DA:207,0
DA:208,0
DA:209,0
DA:211,0
DA:213,0
DA:218,0
DA:219,0
DA:221,0
DA:222,0
DA:223,0
DA:224,0
DA:226,0
DA:231,0
DA:232,0
DA:233,0
DA:235,0
DA:246,0
DA:247,0
DA:250,0
DA:251,0
DA:254,0
DA:255,0
DA:258,0
DA:259,0
DA:262,0
DA:263,0
DA:266,0
DA:276,0
LF:77
LH:0
BRDA:42,0,0,0
BRDA:42,0,1,0
BRDA:47,1,0,0
BRDA:47,1,1,0
BRDA:65,2,0,0
BRDA:65,2,1,0
BRDA:65,3,0,0
BRDA:65,3,1,0
BRDA:74,4,0,0
BRDA:74,4,1,0
BRDA:74,5,0,0
BRDA:74,5,1,0
BRDA:83,6,0,0
BRDA:83,6,1,0
BRDA:83,7,0,0
BRDA:83,7,1,0
BRDA:108,8,0,0
BRDA:108,8,1,0
BRDA:120,9,0,0
BRDA:120,9,1,0
BRDA:127,10,0,0
BRDA:127,10,1,0
BRDA:158,11,0,0
BRDA:158,11,1,0
BRDA:162,12,0,0
BRDA:162,12,1,0
BRDA:172,13,0,0
BRDA:172,13,1,0
BRDA:176,14,0,0
BRDA:176,14,1,0
BRDA:182,15,0,0
BRDA:182,15,1,0
BRDA:209,16,0,0
BRDA:209,16,1,0
BRDA:222,17,0,0
BRDA:222,17,1,0
BRDA:233,18,0,0
BRDA:233,18,1,0
BRDA:246,19,0,0
BRDA:246,19,1,0
BRDA:250,20,0,0
BRDA:250,20,1,0
BRDA:254,21,0,0
BRDA:254,21,1,0
BRDA:258,22,0,0
BRDA:258,22,1,0
BRDA:262,23,0,0
BRDA:262,23,1,0
BRF:48
BRH:0
end_of_record
TN:
SF:src\utils\database.ts
FN:62,initDatabase
FN:72,(anonymous_1)
FN:238,getCurrentSchemaVersion
FN:261,columnExists
FN:269,(anonymous_4)
FN:285,recordMigration
FN:302,runMigrations
FN:623,clearDatabase
FN:641,(anonymous_8)
FNF:9
FNH:0
FNDA:0,initDatabase
FNDA:0,(anonymous_1)
FNDA:0,getCurrentSchemaVersion
FNDA:0,columnExists
FNDA:0,(anonymous_4)
FNDA:0,recordMigration
FNDA:0,runMigrations
FNDA:0,clearDatabase
FNDA:0,(anonymous_8)
DA:25,0
DA:26,0
DA:34,0
DA:63,0
DA:64,0
DA:65,0
DA:66,0
DA:69,0
DA:70,0
DA:72,0
DA:73,0
DA:79,0
DA:80,0
DA:84,0
DA:85,0
DA:89,0
DA:90,0
DA:95,0
DA:213,0
DA:214,0
DA:218,0
DA:219,0
DA:222,0
DA:223,0
DA:224,0
DA:225,0
DA:227,0
DA:239,0
DA:240,0
DA:243,0
DA:246,0
DA:266,0
DA:268,0
DA:269,0
DA:272,0
DA:286,0
DA:303,0
DA:305,0
DA:310,0
DA:311,0
DA:312,0
DA:316,0
DA:317,0
DA:320,0
DA:321,0
DA:322,0
DA:324,0
DA:328,0
DA:329,0
DA:330,0
DA:334,0
DA:338,0
DA:339,0
DA:340,0
DA:342,0
DA:346,0
DA:347,0
DA:351,0
DA:352,0
DA:354,0
DA:355,0
DA:356,0
DA:358,0
DA:362,0
DA:363,0
DA:367,0
DA:368,0
DA:369,0
DA:424,0
DA:425,0
DA:426,0
DA:428,0
DA:432,0
DA:433,0
DA:437,0
DA:438,0
DA:440,0
DA:441,0
DA:442,0
DA:444,0
DA:449,0
DA:450,0
DA:454,0
DA:457,0
DA:458,0
DA:462,0
DA:463,0
DA:464,0
DA:499,0
DA:500,0
DA:501,0
DA:503,0
DA:507,0
DA:508,0
DA:512,0
DA:513,0
DA:515,0
DA:516,0
DA:517,0
DA:519,0
DA:523,0
DA:524,0
DA:528,0
DA:529,0
DA:530,0
DA:563,0
DA:564,0
DA:565,0
DA:567,0
DA:571,0
DA:572,0
DA:576,0
DA:577,0
DA:578,0
DA:592,0
DA:593,0
DA:594,0
DA:596,0
DA:600,0
DA:601,0
DA:604,0
DA:624,0
DA:641,0
DA:642,0
DA:643,0
LF:125
LH:0
BRDA:64,0,0,0
BRDA:64,0,1,0
BRDA:70,1,0,0
BRDA:70,1,1,0
BRDA:243,2,0,0
BRDA:243,2,1,0
BRDA:310,3,0,0
BRDA:310,3,1,0
BRDA:316,4,0,0
BRDA:316,4,1,0
BRDA:320,5,0,0
BRDA:320,5,1,0
BRDA:328,6,0,0
BRDA:328,6,1,0
BRDA:338,7,0,0
BRDA:338,7,1,0
BRDA:351,8,0,0
BRDA:351,8,1,0
BRDA:354,9,0,0
BRDA:354,9,1,0
BRDA:367,10,0,0
BRDA:367,10,1,0
BRDA:437,11,0,0
BRDA:437,11,1,0
BRDA:440,12,0,0
BRDA:440,12,1,0
BRDA:462,13,0,0
BRDA:462,13,1,0
BRDA:512,14,0,0
BRDA:512,14,1,0
BRDA:515,15,0,0
BRDA:515,15,1,0
BRDA:528,16,0,0
BRDA:528,16,1,0
BRDA:576,17,0,0
BRDA:576,17,1,0
BRF:36
BRH:0
end_of_record
TN:
SF:src\utils\encryption.ts
FN:37,getRandomBytes
FN:55,generateUUID
FN:83,generateEncryptionKey
FN:86,(anonymous_3)
FN:114,getEncryptionKey
FN:137,encryptContent
FN:142,(anonymous_6)
FN:177,decryptContent
FN:222,deleteEncryptionKey
FN:238,hasEncryptionKey
FNF:10
FNH:10
FNDA:55,getRandomBytes
FNDA:13,generateUUID
FNDA:13,generateEncryptionKey
FNDA:416,(anonymous_3)
FNDA:78,getEncryptionKey
FNDA:44,encryptContent
FNDA:656,(anonymous_6)
FNDA:23,decryptContent
FNDA:3,deleteEncryptionKey
FNDA:8,hasEncryptionKey
DA:23,2
DA:26,2
DA:38,55
DA:39,55
DA:42,0
DA:43,0
DA:56,13
DA:57,13
DA:60,0
DA:61,0
DA:84,13
DA:85,13
DA:86,416
DA:90,13
DA:91,13
DA:96,13
DA:97,12
DA:115,78
DA:138,44
DA:139,44
DA:140,42
DA:141,41
DA:142,656
DA:144,41
DA:145,41
DA:146,41
DA:151,41
DA:152,41
DA:153,41
DA:154,41
DA:178,23
DA:179,23
DA:180,21
DA:181,21
DA:182,3
DA:184,18
DA:185,18
DA:186,16
DA:187,16
DA:188,15
DA:189,15
DA:190,15
DA:191,15
DA:192,15
DA:193,1
DA:196,15
DA:197,15
DA:198,15
DA:203,15
DA:204,15
DA:205,13
DA:223,3
DA:239,8
DA:240,8
LF:54
LH:50
BRDA:38,0,0,55
BRDA:38,0,1,0
BRDA:56,1,0,13
BRDA:56,1,1,0
BRDA:139,2,0,2
BRDA:139,2,1,42
BRDA:179,3,0,2
BRDA:179,3,1,21
BRDA:181,4,0,3
BRDA:181,4,1,18
BRDA:181,5,0,21
BRDA:181,5,1,18
BRDA:185,6,0,2
BRDA:185,6,1,16
BRDA:185,7,0,18
BRDA:185,7,1,17
BRDA:186,8,0,0
BRDA:186,8,1,16
BRDA:186,9,0,16
BRDA:186,9,1,15
BRDA:187,10,0,15
BRDA:187,10,1,1
BRDA:192,11,0,1
BRDA:192,11,1,14
BRDA:204,12,0,2
BRDA:204,12,1,13
BRDA:240,13,0,8
BRDA:240,13,1,5
BRF:28
BRH:25
end_of_record
TN:
SF:src\utils\haptics.ts
FN:22,hapticSuccess
FN:28,(anonymous_1)
FN:40,hapticError
FN:45,(anonymous_3)
FN:57,hapticWarning
FN:72,hapticSelection
FN:86,hapticImpact
FN:111,hapticCelebration
FN:117,(anonymous_8)
FN:119,(anonymous_9)
FN:121,(anonymous_10)
FN:133,hapticTick
FN:148,hapticThreshold
FNF:13
FNH:0
FNDA:0,hapticSuccess
FNDA:0,(anonymous_1)
FNDA:0,hapticError
FNDA:0,(anonymous_3)
FNDA:0,hapticWarning
FNDA:0,hapticSelection
FNDA:0,hapticImpact
FNDA:0,hapticCelebration
FNDA:0,(anonymous_8)
FNDA:0,(anonymous_9)
FNDA:0,(anonymous_10)
FNDA:0,hapticTick
FNDA:0,hapticThreshold
DA:15,0
DA:23,0
DA:25,0
DA:26,0
DA:28,0
DA:29,0
DA:41,0
DA:43,0
DA:44,0
DA:45,0
DA:46,0
DA:58,0
DA:60,0
DA:61,0
DA:73,0
DA:75,0
DA:76,0
DA:89,0
DA:91,0
DA:99,0
DA:100,0
DA:112,0
DA:114,0
DA:116,0
DA:117,0
DA:118,0
DA:119,0
DA:120,0
DA:121,0
DA:122,0
DA:134,0
DA:136,0
DA:137,0
DA:149,0
DA:151,0
DA:152,0
DA:185,0
LF:37
LH:0
BRDA:23,0,0,0
BRDA:23,0,1,0
BRDA:41,1,0,0
BRDA:41,1,1,0
BRDA:58,2,0,0
BRDA:58,2,1,0
BRDA:73,3,0,0
BRDA:73,3,1,0
BRDA:87,4,0,0
BRDA:89,5,0,0
BRDA:89,5,1,0
BRDA:112,6,0,0
BRDA:112,6,1,0
BRDA:134,7,0,0
BRDA:134,7,1,0
BRDA:149,8,0,0
BRDA:149,8,1,0
BRF:17
BRH:0
end_of_record
TN:
SF:src\utils\id.ts
FN:7,generateId
FNF:1
FNH:1
FNDA:8,generateId
DA:9,8
DA:12,8
LF:2
LH:2
BRDA:9,0,0,8
BRDA:9,0,1,0
BRDA:9,1,0,8
BRDA:9,1,1,8
BRDA:12,2,0,8
BRDA:12,2,1,0
BRF:6
BRH:4
end_of_record
TN:
SF:src\utils\logger.ts
FN:71,sanitizeData
FN:94,(anonymous_1)
FN:144,sanitizeError
FN:159,(anonymous_3)
FN:191,(anonymous_4)
FN:218,(anonymous_5)
FN:232,(anonymous_6)
FN:247,(anonymous_7)
FNF:8
FNH:0
FNDA:0,sanitizeData
FNDA:0,(anonymous_1)
FNDA:0,sanitizeError
FNDA:0,(anonymous_3)
FNDA:0,(anonymous_4)
FNDA:0,(anonymous_5)
FNDA:0,(anonymous_6)
FNDA:0,(anonymous_7)
DA:26,2
DA:34,2
DA:73,0
DA:76,0
DA:77,0
DA:80,0
DA:82,0
DA:83,0
DA:86,0
DA:87,0
DA:89,0
DA:93,0
DA:94,0
DA:98,0
DA:99,0
DA:101,0
DA:102,0
DA:104,0
DA:107,0
DA:108,0
DA:109,0
DA:113,0
DA:114,0
DA:120,0
DA:121,0
DA:125,0
DA:128,0
DA:131,0
DA:145,0
DA:146,0
DA:149,0
DA:161,0
DA:176,2
DA:192,0
DA:194,0
DA:195,0
DA:198,0
DA:201,0
DA:202,0
DA:203,0
DA:204,0
DA:219,0
DA:221,0
DA:222,0
DA:233,0
DA:235,0
DA:237,0
DA:248,0
DA:250,0
DA:252,0
LF:50
LH:3
BRDA:71,0,0,0
BRDA:73,1,0,0
BRDA:73,1,1,0
BRDA:76,2,0,0
BRDA:76,2,1,0
BRDA:76,3,0,0
BRDA:76,3,1,0
BRDA:77,4,0,0
BRDA:77,4,1,0
BRDA:77,5,0,0
BRDA:77,5,1,0
BRDA:80,6,0,0
BRDA:80,6,1,0
BRDA:82,7,0,0
BRDA:82,7,1,0
BRDA:86,8,0,0
BRDA:86,8,1,0
BRDA:93,9,0,0
BRDA:93,9,1,0
BRDA:98,10,0,0
BRDA:98,10,1,0
BRDA:102,11,0,0
BRDA:102,11,1,0
BRDA:107,12,0,0
BRDA:107,12,1,0
BRDA:114,13,0,0
BRDA:114,13,1,0
BRDA:115,14,0,0
BRDA:115,14,1,0
BRDA:115,14,2,0
BRDA:115,14,3,0
BRDA:145,15,0,0
BRDA:145,15,1,0
BRDA:156,16,0,0
BRDA:156,16,1,0
BRDA:192,17,0,0
BRDA:192,17,1,0
BRDA:194,18,0,0
BRDA:194,18,1,0
BRDA:201,19,0,0
BRDA:201,19,1,0
BRDA:201,20,0,0
BRDA:201,20,1,0
BRDA:204,21,0,0
BRDA:204,21,1,0
BRDA:221,22,0,0
BRDA:221,22,1,0
BRDA:235,23,0,0
BRDA:235,23,1,0
BRDA:250,24,0,0
BRDA:250,24,1,0
BRF:51
BRH:0
end_of_record
TN:
SF:src\utils\logoutCleanup.ts
FN:50,performLogoutCleanup
FNF:1
FNH:0
FNDA:0,performLogoutCleanup
DA:51,0
DA:53,0
DA:55,0
DA:56,0
DA:58,0
DA:59,0
DA:62,0
DA:64,0
DA:65,0
DA:67,0
DA:68,0
DA:71,0
DA:73,0
DA:74,0
DA:75,0
DA:77,0
DA:80,0
DA:81,0
DA:84,0
DA:86,0
DA:87,0
DA:88,0
DA:89,0
DA:92,0
DA:93,0
DA:96,0
DA:98,0
DA:99,0
DA:100,0
DA:101,0
DA:104,0
DA:105,0
DA:108,0
DA:109,0
DA:113,0
LF:35
LH:0
BRDA:50,0,0,0
BRDA:59,1,0,0
BRDA:59,1,1,0
BRDA:68,2,0,0
BRDA:68,2,1,0
BRDA:73,3,0,0
BRDA:73,3,1,0
BRDA:81,4,0,0
BRDA:81,4,1,0
BRDA:86,5,0,0
BRDA:86,5,1,0
BRDA:93,6,0,0
BRDA:93,6,1,0
BRDA:98,7,0,0
BRDA:98,7,1,0
BRDA:105,8,0,0
BRDA:105,8,1,0
BRDA:108,9,0,0
BRDA:108,9,1,0
BRF:19
BRH:0
end_of_record
TN:
SF:src\utils\navigationHelper.ts
FN:34,navigateToPath
FN:161,useRouterCompat
FN:163,(anonymous_2)
FN:164,(anonymous_3)
FN:165,(anonymous_4)
FN:170,(anonymous_5)
FN:189,useSegmentsCompat
FN:190,(anonymous_7)
FNF:8
FNH:0
FNDA:0,navigateToPath
FNDA:0,useRouterCompat
FNDA:0,(anonymous_2)
FNDA:0,(anonymous_3)
FNDA:0,(anonymous_4)
FNDA:0,(anonymous_5)
FNDA:0,useSegmentsCompat
FNDA:0,(anonymous_7)
DA:35,0
DA:36,0
DA:37,0
DA:41,0
DA:43,0
DA:45,0
DA:48,0
DA:54,0
DA:64,0
DA:70,0
DA:71,0
DA:75,0
DA:81,0
DA:85,0
DA:91,0
DA:96,0
DA:102,0
DA:106,0
DA:107,0
DA:108,0
DA:115,0
DA:117,0
DA:123,0
DA:126,0
DA:132,0
DA:136,0
DA:138,0
DA:162,0
DA:163,0
DA:164,0
DA:166,0
DA:167,0
DA:170,0
DA:190,0
DA:191,0
DA:193,0
DA:194,0
DA:197,0
DA:198,0
DA:199,0
DA:203,0
DA:206,0
DA:209,0
DA:210,0
DA:215,0
DA:216,0
DA:219,0
DA:222,0
LF:48
LH:0
BRDA:35,0,0,0
BRDA:35,0,1,0
BRDA:45,1,0,0
BRDA:45,1,1,0
BRDA:45,1,2,0
BRDA:45,1,3,0
BRDA:45,1,4,0
BRDA:45,1,5,0
BRDA:45,1,6,0
BRDA:45,1,7,0
BRDA:45,1,8,0
BRDA:45,1,9,0
BRDA:45,1,10,0
BRDA:45,1,11,0
BRDA:106,2,0,0
BRDA:106,2,1,0
BRDA:115,3,0,0
BRDA:115,3,1,0
BRDA:115,4,0,0
BRDA:115,4,1,0
BRDA:166,5,0,0
BRDA:166,5,1,0
BRDA:191,6,0,0
BRDA:191,6,1,0
BRDA:198,7,0,0
BRDA:198,7,1,0
BRDA:203,8,0,0
BRDA:203,8,1,0
BRDA:209,9,0,0
BRDA:209,9,1,0
BRDA:222,10,0,0
BRDA:222,10,1,0
BRF:32
BRH:0
end_of_record
TN:
SF:src\utils\theme.ts
FNF:0
FNH:0
DA:17,0
DA:55,0
LF:2
LH:0
BRF:0
BRH:0
end_of_record
TN:
SF:src\utils\validation.ts
FN:21,validateEmail
FN:74,validatePassword
FN:115,formatDate
FN:136,calculateDaysSober
FNF:4
FNH:0
FNDA:0,validateEmail
FNDA:0,validatePassword
FNDA:0,formatDate
FNDA:0,calculateDaysSober
DA:22,0
DA:23,0
DA:26,0
DA:29,0
DA:30,0
DA:31,0
DA:35,0
DA:38,0
DA:39,0
DA:43,0
DA:44,0
DA:48,0
DA:49,0
DA:52,0
DA:78,0
DA:79,0
DA:84,0
DA:86,0
DA:87,0
DA:89,0
DA:90,0
DA:92,0
DA:93,0
DA:95,0
DA:96,0
DA:99,0
DA:116,0
DA:117,0
DA:119,0
DA:137,0
DA:138,0
DA:140,0
DA:141,0
DA:142,0
DA:143,0
LF:35
LH:0
BRDA:22,0,0,0
BRDA:22,0,1,0
BRDA:22,1,0,0
BRDA:22,1,1,0
BRDA:30,2,0,0
BRDA:30,2,1,0
BRDA:38,3,0,0
BRDA:38,3,1,0
BRDA:38,4,0,0
BRDA:38,4,1,0
BRDA:43,5,0,0
BRDA:43,5,1,0
BRDA:43,6,0,0
BRDA:43,6,1,0
BRDA:48,7,0,0
BRDA:48,7,1,0
BRDA:48,8,0,0
BRDA:48,8,1,0
BRDA:78,9,0,0
BRDA:78,9,1,0
BRDA:78,10,0,0
BRDA:78,10,1,0
BRDA:86,11,0,0
BRDA:86,11,1,0
BRDA:89,12,0,0
BRDA:89,12,1,0
BRDA:92,13,0,0
BRDA:92,13,1,0
BRDA:95,14,0,0
BRDA:95,14,1,0
BRDA:116,15,0,0
BRDA:116,15,1,0
BRDA:116,16,0,0
BRDA:116,16,1,0
BRDA:137,17,0,0
BRDA:137,17,1,0
BRDA:137,18,0,0
BRDA:137,18,1,0
BRF:38
BRH:0
end_of_record
